{"D:\\library-management-v3-testing\\src\\controllers\\AuthController.js": {"path":"D:\\library-management-v3-testing\\src\\controllers\\AuthController.js","statementMap":{"0":{"start":{"line":2,"column":13},"end":{"line":2,"column":38}},"1":{"start":{"line":4,"column":23},"end":{"line":63,"column":1}},"2":{"start":{"line":6,"column":4},"end":{"line":39,"column":5}},"3":{"start":{"line":7,"column":37},"end":{"line":7,"column":45}},"4":{"start":{"line":9,"column":6},"end":{"line":13,"column":7}},"5":{"start":{"line":10,"column":8},"end":{"line":12,"column":65}},"6":{"start":{"line":15,"column":19},"end":{"line":15,"column":54}},"7":{"start":{"line":17,"column":6},"end":{"line":19,"column":7}},"8":{"start":{"line":18,"column":8},"end":{"line":18,"column":79}},"9":{"start":{"line":22,"column":6},"end":{"line":22,"column":41}},"10":{"start":{"line":23,"column":6},"end":{"line":23,"column":43}},"11":{"start":{"line":24,"column":6},"end":{"line":24,"column":45}},"12":{"start":{"line":25,"column":6},"end":{"line":25,"column":35}},"13":{"start":{"line":27,"column":6},"end":{"line":36,"column":9}},"14":{"start":{"line":38,"column":6},"end":{"line":38,"column":53}},"15":{"start":{"line":43,"column":4},"end":{"line":48,"column":7}},"16":{"start":{"line":44,"column":6},"end":{"line":46,"column":7}},"17":{"start":{"line":45,"column":8},"end":{"line":45,"column":64}},"18":{"start":{"line":47,"column":6},"end":{"line":47,"column":64}},"19":{"start":{"line":52,"column":4},"end":{"line":54,"column":5}},"20":{"start":{"line":53,"column":6},"end":{"line":53,"column":66}},"21":{"start":{"line":56,"column":4},"end":{"line":61,"column":7}},"22":{"start":{"line":65,"column":0},"end":{"line":65,"column":32}}},"fnMap":{"0":{"name":"(anonymous_0)","decl":{"start":{"line":5,"column":2},"end":{"line":5,"column":3}},"loc":{"start":{"line":5,"column":24},"end":{"line":40,"column":3}},"line":5},"1":{"name":"(anonymous_1)","decl":{"start":{"line":42,"column":2},"end":{"line":42,"column":3}},"loc":{"start":{"line":42,"column":25},"end":{"line":49,"column":3}},"line":42},"2":{"name":"(anonymous_2)","decl":{"start":{"line":43,"column":24},"end":{"line":43,"column":25}},"loc":{"start":{"line":43,"column":33},"end":{"line":48,"column":5}},"line":43},"3":{"name":"(anonymous_3)","decl":{"start":{"line":51,"column":2},"end":{"line":51,"column":3}},"loc":{"start":{"line":51,"column":33},"end":{"line":62,"column":3}},"line":51}},"branchMap":{"0":{"loc":{"start":{"line":9,"column":6},"end":{"line":13,"column":7}},"type":"if","locations":[{"start":{"line":9,"column":6},"end":{"line":13,"column":7}},{"start":{},"end":{}}],"line":9},"1":{"loc":{"start":{"line":9,"column":10},"end":{"line":9,"column":32}},"type":"binary-expr","locations":[{"start":{"line":9,"column":10},"end":{"line":9,"column":19}},{"start":{"line":9,"column":23},"end":{"line":9,"column":32}}],"line":9},"2":{"loc":{"start":{"line":17,"column":6},"end":{"line":19,"column":7}},"type":"if","locations":[{"start":{"line":17,"column":6},"end":{"line":19,"column":7}},{"start":{},"end":{}}],"line":17},"3":{"loc":{"start":{"line":17,"column":10},"end":{"line":17,"column":45}},"type":"binary-expr","locations":[{"start":{"line":17,"column":10},"end":{"line":17,"column":15}},{"start":{"line":17,"column":19},"end":{"line":17,"column":45}}],"line":17},"4":{"loc":{"start":{"line":44,"column":6},"end":{"line":46,"column":7}},"type":"if","locations":[{"start":{"line":44,"column":6},"end":{"line":46,"column":7}},{"start":{},"end":{}}],"line":44},"5":{"loc":{"start":{"line":52,"column":4},"end":{"line":54,"column":5}},"type":"if","locations":[{"start":{"line":52,"column":4},"end":{"line":54,"column":5}},{"start":{},"end":{}}],"line":52}},"s":{"0":1,"1":1,"2":1,"3":1,"4":1,"5":0,"6":1,"7":1,"8":0,"9":1,"10":1,"11":1,"12":1,"13":1,"14":0,"15":0,"16":0,"17":0,"18":0,"19":0,"20":0,"21":0,"22":1},"f":{"0":1,"1":0,"2":0,"3":0},"b":{"0":[0,1],"1":[1,1],"2":[0,1],"3":[1,1],"4":[0,0],"5":[0,0]},"_coverageSchema":"1a1c01bbd47fc00a2c39e90264f33305004495a9","hash":"3ee9e835d2f175277da4f8cb15a982769113adcd"}
,"D:\\library-management-v3-testing\\src\\controllers\\BookController.js": {"path":"D:\\library-management-v3-testing\\src\\controllers\\BookController.js","statementMap":{"0":{"start":{"line":2,"column":13},"end":{"line":2,"column":38}},"1":{"start":{"line":3,"column":18},"end":{"line":3,"column":48}},"2":{"start":{"line":5,"column":23},"end":{"line":168,"column":1}},"3":{"start":{"line":7,"column":4},"end":{"line":20,"column":5}},"4":{"start":{"line":8,"column":24},"end":{"line":8,"column":33}},"5":{"start":{"line":11,"column":6},"end":{"line":15,"column":7}},"6":{"start":{"line":12,"column":8},"end":{"line":12,"column":45}},"7":{"start":{"line":14,"column":8},"end":{"line":14,"column":36}},"8":{"start":{"line":17,"column":6},"end":{"line":17,"column":22}},"9":{"start":{"line":19,"column":6},"end":{"line":19,"column":53}},"10":{"start":{"line":24,"column":4},"end":{"line":39,"column":5}},"11":{"start":{"line":25,"column":21},"end":{"line":25,"column":31}},"12":{"start":{"line":26,"column":19},"end":{"line":26,"column":42}},"13":{"start":{"line":28,"column":6},"end":{"line":30,"column":7}},"14":{"start":{"line":29,"column":8},"end":{"line":29,"column":65}},"15":{"start":{"line":33,"column":25},"end":{"line":33,"column":64}},"16":{"start":{"line":34,"column":6},"end":{"line":34,"column":35}},"17":{"start":{"line":36,"column":6},"end":{"line":36,"column":21}},"18":{"start":{"line":38,"column":6},"end":{"line":38,"column":53}},"19":{"start":{"line":43,"column":4},"end":{"line":54,"column":5}},"20":{"start":{"line":44,"column":20},"end":{"line":44,"column":29}},"21":{"start":{"line":46,"column":6},"end":{"line":48,"column":7}},"22":{"start":{"line":47,"column":8},"end":{"line":47,"column":75}},"23":{"start":{"line":50,"column":20},"end":{"line":50,"column":40}},"24":{"start":{"line":51,"column":6},"end":{"line":51,"column":22}},"25":{"start":{"line":53,"column":6},"end":{"line":53,"column":53}},"26":{"start":{"line":58,"column":4},"end":{"line":101,"column":5}},"27":{"start":{"line":68,"column":10},"end":{"line":68,"column":18}},"28":{"start":{"line":70,"column":6},"end":{"line":74,"column":7}},"29":{"start":{"line":71,"column":8},"end":{"line":73,"column":75}},"30":{"start":{"line":77,"column":6},"end":{"line":82,"column":7}},"31":{"start":{"line":78,"column":29},"end":{"line":78,"column":56}},"32":{"start":{"line":79,"column":8},"end":{"line":81,"column":9}},"33":{"start":{"line":80,"column":10},"end":{"line":80,"column":72}},"34":{"start":{"line":84,"column":21},"end":{"line":93,"column":7}},"35":{"start":{"line":95,"column":6},"end":{"line":98,"column":9}},"36":{"start":{"line":100,"column":6},"end":{"line":100,"column":53}},"37":{"start":{"line":105,"column":4},"end":{"line":144,"column":5}},"38":{"start":{"line":106,"column":21},"end":{"line":106,"column":31}},"39":{"start":{"line":116,"column":10},"end":{"line":116,"column":18}},"40":{"start":{"line":118,"column":19},"end":{"line":118,"column":42}},"41":{"start":{"line":119,"column":6},"end":{"line":121,"column":7}},"42":{"start":{"line":120,"column":8},"end":{"line":120,"column":65}},"43":{"start":{"line":123,"column":6},"end":{"line":127,"column":7}},"44":{"start":{"line":124,"column":8},"end":{"line":126,"column":75}},"45":{"start":{"line":129,"column":6},"end":{"line":139,"column":8}},"46":{"start":{"line":141,"column":6},"end":{"line":141,"column":34}},"47":{"start":{"line":143,"column":6},"end":{"line":143,"column":53}},"48":{"start":{"line":148,"column":4},"end":{"line":166,"column":5}},"49":{"start":{"line":149,"column":21},"end":{"line":149,"column":31}},"50":{"start":{"line":151,"column":19},"end":{"line":151,"column":42}},"51":{"start":{"line":152,"column":6},"end":{"line":154,"column":7}},"52":{"start":{"line":153,"column":8},"end":{"line":153,"column":65}},"53":{"start":{"line":157,"column":25},"end":{"line":157,"column":64}},"54":{"start":{"line":158,"column":6},"end":{"line":160,"column":7}},"55":{"start":{"line":159,"column":8},"end":{"line":159,"column":80}},"56":{"start":{"line":162,"column":6},"end":{"line":162,"column":28}},"57":{"start":{"line":163,"column":6},"end":{"line":163,"column":34}},"58":{"start":{"line":165,"column":6},"end":{"line":165,"column":53}},"59":{"start":{"line":170,"column":0},"end":{"line":170,"column":32}}},"fnMap":{"0":{"name":"(anonymous_0)","decl":{"start":{"line":6,"column":2},"end":{"line":6,"column":3}},"loc":{"start":{"line":6,"column":25},"end":{"line":21,"column":3}},"line":6},"1":{"name":"(anonymous_1)","decl":{"start":{"line":23,"column":2},"end":{"line":23,"column":3}},"loc":{"start":{"line":23,"column":26},"end":{"line":40,"column":3}},"line":23},"2":{"name":"(anonymous_2)","decl":{"start":{"line":42,"column":2},"end":{"line":42,"column":3}},"loc":{"start":{"line":42,"column":25},"end":{"line":55,"column":3}},"line":42},"3":{"name":"(anonymous_3)","decl":{"start":{"line":57,"column":2},"end":{"line":57,"column":3}},"loc":{"start":{"line":57,"column":25},"end":{"line":102,"column":3}},"line":57},"4":{"name":"(anonymous_4)","decl":{"start":{"line":104,"column":2},"end":{"line":104,"column":3}},"loc":{"start":{"line":104,"column":25},"end":{"line":145,"column":3}},"line":104},"5":{"name":"(anonymous_5)","decl":{"start":{"line":147,"column":2},"end":{"line":147,"column":3}},"loc":{"start":{"line":147,"column":25},"end":{"line":167,"column":3}},"line":147}},"branchMap":{"0":{"loc":{"start":{"line":11,"column":6},"end":{"line":15,"column":7}},"type":"if","locations":[{"start":{"line":11,"column":6},"end":{"line":15,"column":7}},{"start":{"line":13,"column":13},"end":{"line":15,"column":7}}],"line":11},"1":{"loc":{"start":{"line":28,"column":6},"end":{"line":30,"column":7}},"type":"if","locations":[{"start":{"line":28,"column":6},"end":{"line":30,"column":7}},{"start":{},"end":{}}],"line":28},"2":{"loc":{"start":{"line":46,"column":6},"end":{"line":48,"column":7}},"type":"if","locations":[{"start":{"line":46,"column":6},"end":{"line":48,"column":7}},{"start":{},"end":{}}],"line":46},"3":{"loc":{"start":{"line":70,"column":6},"end":{"line":74,"column":7}},"type":"if","locations":[{"start":{"line":70,"column":6},"end":{"line":74,"column":7}},{"start":{},"end":{}}],"line":70},"4":{"loc":{"start":{"line":70,"column":10},"end":{"line":70,"column":43}},"type":"binary-expr","locations":[{"start":{"line":70,"column":10},"end":{"line":70,"column":16}},{"start":{"line":70,"column":20},"end":{"line":70,"column":27}},{"start":{"line":70,"column":31},"end":{"line":70,"column":43}}],"line":70},"5":{"loc":{"start":{"line":77,"column":6},"end":{"line":82,"column":7}},"type":"if","locations":[{"start":{"line":77,"column":6},"end":{"line":82,"column":7}},{"start":{},"end":{}}],"line":77},"6":{"loc":{"start":{"line":79,"column":8},"end":{"line":81,"column":9}},"type":"if","locations":[{"start":{"line":79,"column":8},"end":{"line":81,"column":9}},{"start":{},"end":{}}],"line":79},"7":{"loc":{"start":{"line":85,"column":8},"end":{"line":85,"column":20}},"type":"binary-expr","locations":[{"start":{"line":85,"column":8},"end":{"line":85,"column":12}},{"start":{"line":85,"column":16},"end":{"line":85,"column":20}}],"line":85},"8":{"loc":{"start":{"line":88,"column":8},"end":{"line":88,"column":25}},"type":"binary-expr","locations":[{"start":{"line":88,"column":8},"end":{"line":88,"column":17}},{"start":{"line":88,"column":21},"end":{"line":88,"column":25}}],"line":88},"9":{"loc":{"start":{"line":89,"column":8},"end":{"line":89,"column":31}},"type":"binary-expr","locations":[{"start":{"line":89,"column":8},"end":{"line":89,"column":23}},{"start":{"line":89,"column":27},"end":{"line":89,"column":31}}],"line":89},"10":{"loc":{"start":{"line":90,"column":8},"end":{"line":90,"column":24}},"type":"binary-expr","locations":[{"start":{"line":90,"column":8},"end":{"line":90,"column":16}},{"start":{"line":90,"column":20},"end":{"line":90,"column":24}}],"line":90},"11":{"loc":{"start":{"line":92,"column":8},"end":{"line":92,"column":29}},"type":"binary-expr","locations":[{"start":{"line":92,"column":8},"end":{"line":92,"column":21}},{"start":{"line":92,"column":25},"end":{"line":92,"column":29}}],"line":92},"12":{"loc":{"start":{"line":119,"column":6},"end":{"line":121,"column":7}},"type":"if","locations":[{"start":{"line":119,"column":6},"end":{"line":121,"column":7}},{"start":{},"end":{}}],"line":119},"13":{"loc":{"start":{"line":123,"column":6},"end":{"line":127,"column":7}},"type":"if","locations":[{"start":{"line":123,"column":6},"end":{"line":127,"column":7}},{"start":{},"end":{}}],"line":123},"14":{"loc":{"start":{"line":123,"column":10},"end":{"line":123,"column":43}},"type":"binary-expr","locations":[{"start":{"line":123,"column":10},"end":{"line":123,"column":16}},{"start":{"line":123,"column":20},"end":{"line":123,"column":27}},{"start":{"line":123,"column":31},"end":{"line":123,"column":43}}],"line":123},"15":{"loc":{"start":{"line":131,"column":8},"end":{"line":131,"column":20}},"type":"binary-expr","locations":[{"start":{"line":131,"column":8},"end":{"line":131,"column":12}},{"start":{"line":131,"column":16},"end":{"line":131,"column":20}}],"line":131},"16":{"loc":{"start":{"line":134,"column":8},"end":{"line":134,"column":25}},"type":"binary-expr","locations":[{"start":{"line":134,"column":8},"end":{"line":134,"column":17}},{"start":{"line":134,"column":21},"end":{"line":134,"column":25}}],"line":134},"17":{"loc":{"start":{"line":135,"column":8},"end":{"line":135,"column":31}},"type":"binary-expr","locations":[{"start":{"line":135,"column":8},"end":{"line":135,"column":23}},{"start":{"line":135,"column":27},"end":{"line":135,"column":31}}],"line":135},"18":{"loc":{"start":{"line":136,"column":8},"end":{"line":136,"column":24}},"type":"binary-expr","locations":[{"start":{"line":136,"column":8},"end":{"line":136,"column":16}},{"start":{"line":136,"column":20},"end":{"line":136,"column":24}}],"line":136},"19":{"loc":{"start":{"line":138,"column":8},"end":{"line":138,"column":29}},"type":"binary-expr","locations":[{"start":{"line":138,"column":8},"end":{"line":138,"column":21}},{"start":{"line":138,"column":25},"end":{"line":138,"column":29}}],"line":138},"20":{"loc":{"start":{"line":152,"column":6},"end":{"line":154,"column":7}},"type":"if","locations":[{"start":{"line":152,"column":6},"end":{"line":154,"column":7}},{"start":{},"end":{}}],"line":152},"21":{"loc":{"start":{"line":158,"column":6},"end":{"line":160,"column":7}},"type":"if","locations":[{"start":{"line":158,"column":6},"end":{"line":160,"column":7}},{"start":{},"end":{}}],"line":158}},"s":{"0":1,"1":1,"2":1,"3":0,"4":0,"5":0,"6":0,"7":0,"8":0,"9":0,"10":0,"11":0,"12":0,"13":0,"14":0,"15":0,"16":0,"17":0,"18":0,"19":0,"20":0,"21":0,"22":0,"23":0,"24":0,"25":0,"26":0,"27":0,"28":0,"29":0,"30":0,"31":0,"32":0,"33":0,"34":0,"35":0,"36":0,"37":0,"38":0,"39":0,"40":0,"41":0,"42":0,"43":0,"44":0,"45":0,"46":0,"47":0,"48":0,"49":0,"50":0,"51":0,"52":0,"53":0,"54":0,"55":0,"56":0,"57":0,"58":0,"59":1},"f":{"0":0,"1":0,"2":0,"3":0,"4":0,"5":0},"b":{"0":[0,0],"1":[0,0],"2":[0,0],"3":[0,0],"4":[0,0,0],"5":[0,0],"6":[0,0],"7":[0,0],"8":[0,0],"9":[0,0],"10":[0,0],"11":[0,0],"12":[0,0],"13":[0,0],"14":[0,0,0],"15":[0,0],"16":[0,0],"17":[0,0],"18":[0,0],"19":[0,0],"20":[0,0],"21":[0,0]},"_coverageSchema":"1a1c01bbd47fc00a2c39e90264f33305004495a9","hash":"16627c9cc5046babda32bdd630321c2f52665a16"}
,"D:\\library-management-v3-testing\\src\\controllers\\BorrowingController.js": {"path":"D:\\library-management-v3-testing\\src\\controllers\\BorrowingController.js","statementMap":{"0":{"start":{"line":2,"column":18},"end":{"line":2,"column":48}},"1":{"start":{"line":3,"column":13},"end":{"line":3,"column":38}},"2":{"start":{"line":4,"column":15},"end":{"line":4,"column":42}},"3":{"start":{"line":6,"column":22},"end":{"line":15,"column":1}},"4":{"start":{"line":7,"column":14},"end":{"line":7,"column":31}},"5":{"start":{"line":8,"column":19},"end":{"line":8,"column":39}},"6":{"start":{"line":9,"column":22},"end":{"line":9,"column":74}},"7":{"start":{"line":11,"column":2},"end":{"line":13,"column":3}},"8":{"start":{"line":12,"column":4},"end":{"line":12,"column":28}},"9":{"start":{"line":14,"column":2},"end":{"line":14,"column":11}},"10":{"start":{"line":17,"column":28},"end":{"line":205,"column":1}},"11":{"start":{"line":19,"column":4},"end":{"line":28,"column":5}},"12":{"start":{"line":20,"column":27},"end":{"line":20,"column":37}},"13":{"start":{"line":21,"column":21},"end":{"line":21,"column":55}},"14":{"start":{"line":22,"column":6},"end":{"line":24,"column":7}},"15":{"start":{"line":23,"column":8},"end":{"line":23,"column":77}},"16":{"start":{"line":25,"column":6},"end":{"line":25,"column":23}},"17":{"start":{"line":27,"column":6},"end":{"line":27,"column":53}},"18":{"start":{"line":32,"column":4},"end":{"line":37,"column":5}},"19":{"start":{"line":33,"column":22},"end":{"line":33,"column":46}},"20":{"start":{"line":34,"column":6},"end":{"line":34,"column":24}},"21":{"start":{"line":36,"column":6},"end":{"line":36,"column":53}},"22":{"start":{"line":41,"column":4},"end":{"line":46,"column":5}},"23":{"start":{"line":42,"column":22},"end":{"line":42,"column":51}},"24":{"start":{"line":43,"column":6},"end":{"line":43,"column":24}},"25":{"start":{"line":45,"column":6},"end":{"line":45,"column":53}},"26":{"start":{"line":50,"column":4},"end":{"line":55,"column":5}},"27":{"start":{"line":51,"column":22},"end":{"line":51,"column":50}},"28":{"start":{"line":52,"column":6},"end":{"line":52,"column":24}},"29":{"start":{"line":54,"column":6},"end":{"line":54,"column":53}},"30":{"start":{"line":59,"column":4},"end":{"line":65,"column":5}},"31":{"start":{"line":60,"column":27},"end":{"line":60,"column":37}},"32":{"start":{"line":61,"column":22},"end":{"line":61,"column":59}},"33":{"start":{"line":62,"column":6},"end":{"line":62,"column":24}},"34":{"start":{"line":64,"column":6},"end":{"line":64,"column":53}},"35":{"start":{"line":69,"column":4},"end":{"line":129,"column":5}},"36":{"start":{"line":70,"column":56},"end":{"line":70,"column":64}},"37":{"start":{"line":72,"column":6},"end":{"line":76,"column":7}},"38":{"start":{"line":73,"column":8},"end":{"line":75,"column":11}},"39":{"start":{"line":79,"column":21},"end":{"line":79,"column":52}},"40":{"start":{"line":80,"column":6},"end":{"line":82,"column":7}},"41":{"start":{"line":81,"column":8},"end":{"line":81,"column":67}},"42":{"start":{"line":83,"column":6},"end":{"line":85,"column":7}},"43":{"start":{"line":84,"column":8},"end":{"line":84,"column":71}},"44":{"start":{"line":88,"column":26},"end":{"line":88,"column":66}},"45":{"start":{"line":89,"column":6},"end":{"line":93,"column":7}},"46":{"start":{"line":90,"column":8},"end":{"line":92,"column":11}},"47":{"start":{"line":96,"column":19},"end":{"line":96,"column":46}},"48":{"start":{"line":97,"column":6},"end":{"line":99,"column":7}},"49":{"start":{"line":98,"column":8},"end":{"line":98,"column":65}},"50":{"start":{"line":100,"column":6},"end":{"line":102,"column":7}},"51":{"start":{"line":101,"column":8},"end":{"line":101,"column":72}},"52":{"start":{"line":105,"column":29},"end":{"line":105,"column":78}},"53":{"start":{"line":106,"column":6},"end":{"line":110,"column":7}},"54":{"start":{"line":106,"column":37},"end":{"line":106,"column":57}},"55":{"start":{"line":107,"column":8},"end":{"line":109,"column":64}},"56":{"start":{"line":113,"column":21},"end":{"line":118,"column":7}},"57":{"start":{"line":121,"column":6},"end":{"line":121,"column":74}},"58":{"start":{"line":123,"column":6},"end":{"line":126,"column":9}},"59":{"start":{"line":128,"column":6},"end":{"line":128,"column":53}},"60":{"start":{"line":133,"column":4},"end":{"line":171,"column":5}},"61":{"start":{"line":134,"column":27},"end":{"line":134,"column":37}},"62":{"start":{"line":135,"column":29},"end":{"line":135,"column":37}},"63":{"start":{"line":137,"column":6},"end":{"line":139,"column":7}},"64":{"start":{"line":138,"column":8},"end":{"line":138,"column":74}},"65":{"start":{"line":141,"column":21},"end":{"line":141,"column":55}},"66":{"start":{"line":142,"column":6},"end":{"line":144,"column":7}},"67":{"start":{"line":143,"column":8},"end":{"line":143,"column":77}},"68":{"start":{"line":146,"column":6},"end":{"line":148,"column":7}},"69":{"start":{"line":147,"column":8},"end":{"line":147,"column":72}},"70":{"start":{"line":151,"column":25},"end":{"line":151,"column":67}},"71":{"start":{"line":154,"column":6},"end":{"line":154,"column":67}},"72":{"start":{"line":157,"column":19},"end":{"line":157,"column":54}},"73":{"start":{"line":158,"column":6},"end":{"line":163,"column":7}},"74":{"start":{"line":159,"column":8},"end":{"line":162,"column":10}},"75":{"start":{"line":165,"column":6},"end":{"line":168,"column":9}},"76":{"start":{"line":170,"column":6},"end":{"line":170,"column":53}},"77":{"start":{"line":175,"column":4},"end":{"line":203,"column":5}},"78":{"start":{"line":176,"column":27},"end":{"line":176,"column":37}},"79":{"start":{"line":177,"column":29},"end":{"line":177,"column":37}},"80":{"start":{"line":179,"column":6},"end":{"line":181,"column":7}},"81":{"start":{"line":180,"column":8},"end":{"line":180,"column":75}},"82":{"start":{"line":183,"column":21},"end":{"line":183,"column":55}},"83":{"start":{"line":184,"column":6},"end":{"line":186,"column":7}},"84":{"start":{"line":185,"column":8},"end":{"line":185,"column":77}},"85":{"start":{"line":188,"column":6},"end":{"line":190,"column":7}},"86":{"start":{"line":189,"column":8},"end":{"line":189,"column":80}},"87":{"start":{"line":193,"column":21},"end":{"line":193,"column":43}},"88":{"start":{"line":194,"column":22},"end":{"line":194,"column":48}},"89":{"start":{"line":195,"column":6},"end":{"line":198,"column":9}},"90":{"start":{"line":200,"column":6},"end":{"line":200,"column":34}},"91":{"start":{"line":202,"column":6},"end":{"line":202,"column":53}},"92":{"start":{"line":207,"column":0},"end":{"line":207,"column":37}}},"fnMap":{"0":{"name":"(anonymous_0)","decl":{"start":{"line":6,"column":22},"end":{"line":6,"column":23}},"loc":{"start":{"line":6,"column":47},"end":{"line":15,"column":1}},"line":6},"1":{"name":"(anonymous_1)","decl":{"start":{"line":18,"column":2},"end":{"line":18,"column":3}},"loc":{"start":{"line":18,"column":27},"end":{"line":29,"column":3}},"line":18},"2":{"name":"(anonymous_2)","decl":{"start":{"line":31,"column":2},"end":{"line":31,"column":3}},"loc":{"start":{"line":31,"column":25},"end":{"line":38,"column":3}},"line":31},"3":{"name":"(anonymous_3)","decl":{"start":{"line":40,"column":2},"end":{"line":40,"column":3}},"loc":{"start":{"line":40,"column":30},"end":{"line":47,"column":3}},"line":40},"4":{"name":"(anonymous_4)","decl":{"start":{"line":49,"column":2},"end":{"line":49,"column":3}},"loc":{"start":{"line":49,"column":29},"end":{"line":56,"column":3}},"line":49},"5":{"name":"(anonymous_5)","decl":{"start":{"line":58,"column":2},"end":{"line":58,"column":3}},"loc":{"start":{"line":58,"column":35},"end":{"line":66,"column":3}},"line":58},"6":{"name":"(anonymous_6)","decl":{"start":{"line":68,"column":2},"end":{"line":68,"column":3}},"loc":{"start":{"line":68,"column":25},"end":{"line":130,"column":3}},"line":68},"7":{"name":"(anonymous_7)","decl":{"start":{"line":106,"column":30},"end":{"line":106,"column":31}},"loc":{"start":{"line":106,"column":37},"end":{"line":106,"column":57}},"line":106},"8":{"name":"(anonymous_8)","decl":{"start":{"line":132,"column":2},"end":{"line":132,"column":3}},"loc":{"start":{"line":132,"column":29},"end":{"line":172,"column":3}},"line":132},"9":{"name":"(anonymous_9)","decl":{"start":{"line":174,"column":2},"end":{"line":174,"column":3}},"loc":{"start":{"line":174,"column":32},"end":{"line":204,"column":3}},"line":174}},"branchMap":{"0":{"loc":{"start":{"line":11,"column":2},"end":{"line":13,"column":3}},"type":"if","locations":[{"start":{"line":11,"column":2},"end":{"line":13,"column":3}},{"start":{},"end":{}}],"line":11},"1":{"loc":{"start":{"line":22,"column":6},"end":{"line":24,"column":7}},"type":"if","locations":[{"start":{"line":22,"column":6},"end":{"line":24,"column":7}},{"start":{},"end":{}}],"line":22},"2":{"loc":{"start":{"line":72,"column":6},"end":{"line":76,"column":7}},"type":"if","locations":[{"start":{"line":72,"column":6},"end":{"line":76,"column":7}},{"start":{},"end":{}}],"line":72},"3":{"loc":{"start":{"line":72,"column":10},"end":{"line":72,"column":57}},"type":"binary-expr","locations":[{"start":{"line":72,"column":10},"end":{"line":72,"column":19}},{"start":{"line":72,"column":23},"end":{"line":72,"column":30}},{"start":{"line":72,"column":34},"end":{"line":72,"column":45}},{"start":{"line":72,"column":49},"end":{"line":72,"column":57}}],"line":72},"4":{"loc":{"start":{"line":80,"column":6},"end":{"line":82,"column":7}},"type":"if","locations":[{"start":{"line":80,"column":6},"end":{"line":82,"column":7}},{"start":{},"end":{}}],"line":80},"5":{"loc":{"start":{"line":83,"column":6},"end":{"line":85,"column":7}},"type":"if","locations":[{"start":{"line":83,"column":6},"end":{"line":85,"column":7}},{"start":{},"end":{}}],"line":83},"6":{"loc":{"start":{"line":89,"column":6},"end":{"line":93,"column":7}},"type":"if","locations":[{"start":{"line":89,"column":6},"end":{"line":93,"column":7}},{"start":{},"end":{}}],"line":89},"7":{"loc":{"start":{"line":97,"column":6},"end":{"line":99,"column":7}},"type":"if","locations":[{"start":{"line":97,"column":6},"end":{"line":99,"column":7}},{"start":{},"end":{}}],"line":97},"8":{"loc":{"start":{"line":100,"column":6},"end":{"line":102,"column":7}},"type":"if","locations":[{"start":{"line":100,"column":6},"end":{"line":102,"column":7}},{"start":{},"end":{}}],"line":100},"9":{"loc":{"start":{"line":106,"column":6},"end":{"line":110,"column":7}},"type":"if","locations":[{"start":{"line":106,"column":6},"end":{"line":110,"column":7}},{"start":{},"end":{}}],"line":106},"10":{"loc":{"start":{"line":137,"column":6},"end":{"line":139,"column":7}},"type":"if","locations":[{"start":{"line":137,"column":6},"end":{"line":139,"column":7}},{"start":{},"end":{}}],"line":137},"11":{"loc":{"start":{"line":142,"column":6},"end":{"line":144,"column":7}},"type":"if","locations":[{"start":{"line":142,"column":6},"end":{"line":144,"column":7}},{"start":{},"end":{}}],"line":142},"12":{"loc":{"start":{"line":146,"column":6},"end":{"line":148,"column":7}},"type":"if","locations":[{"start":{"line":146,"column":6},"end":{"line":148,"column":7}},{"start":{},"end":{}}],"line":146},"13":{"loc":{"start":{"line":158,"column":6},"end":{"line":163,"column":7}},"type":"if","locations":[{"start":{"line":158,"column":6},"end":{"line":163,"column":7}},{"start":{},"end":{}}],"line":158},"14":{"loc":{"start":{"line":179,"column":6},"end":{"line":181,"column":7}},"type":"if","locations":[{"start":{"line":179,"column":6},"end":{"line":181,"column":7}},{"start":{},"end":{}}],"line":179},"15":{"loc":{"start":{"line":184,"column":6},"end":{"line":186,"column":7}},"type":"if","locations":[{"start":{"line":184,"column":6},"end":{"line":186,"column":7}},{"start":{},"end":{}}],"line":184},"16":{"loc":{"start":{"line":188,"column":6},"end":{"line":190,"column":7}},"type":"if","locations":[{"start":{"line":188,"column":6},"end":{"line":190,"column":7}},{"start":{},"end":{}}],"line":188}},"s":{"0":1,"1":1,"2":1,"3":1,"4":0,"5":0,"6":0,"7":0,"8":0,"9":0,"10":1,"11":0,"12":0,"13":0,"14":0,"15":0,"16":0,"17":0,"18":0,"19":0,"20":0,"21":0,"22":0,"23":0,"24":0,"25":0,"26":0,"27":0,"28":0,"29":0,"30":0,"31":0,"32":0,"33":0,"34":0,"35":0,"36":0,"37":0,"38":0,"39":0,"40":0,"41":0,"42":0,"43":0,"44":0,"45":0,"46":0,"47":0,"48":0,"49":0,"50":0,"51":0,"52":0,"53":0,"54":0,"55":0,"56":0,"57":0,"58":0,"59":0,"60":0,"61":0,"62":0,"63":0,"64":0,"65":0,"66":0,"67":0,"68":0,"69":0,"70":0,"71":0,"72":0,"73":0,"74":0,"75":0,"76":0,"77":0,"78":0,"79":0,"80":0,"81":0,"82":0,"83":0,"84":0,"85":0,"86":0,"87":0,"88":0,"89":0,"90":0,"91":0,"92":1},"f":{"0":0,"1":0,"2":0,"3":0,"4":0,"5":0,"6":0,"7":0,"8":0,"9":0},"b":{"0":[0,0],"1":[0,0],"2":[0,0],"3":[0,0,0,0],"4":[0,0],"5":[0,0],"6":[0,0],"7":[0,0],"8":[0,0],"9":[0,0],"10":[0,0],"11":[0,0],"12":[0,0],"13":[0,0],"14":[0,0],"15":[0,0],"16":[0,0]},"_coverageSchema":"1a1c01bbd47fc00a2c39e90264f33305004495a9","hash":"123802c25b31adc3e3b6f2d560bafe1c00a7427c"}
,"D:\\library-management-v3-testing\\src\\controllers\\DashboardController.js": {"path":"D:\\library-management-v3-testing\\src\\controllers\\DashboardController.js","statementMap":{"0":{"start":{"line":2,"column":15},"end":{"line":2,"column":37}},"1":{"start":{"line":3,"column":19},"end":{"line":3,"column":45}},"2":{"start":{"line":5,"column":28},"end":{"line":51,"column":1}},"3":{"start":{"line":7,"column":4},"end":{"line":49,"column":5}},"4":{"start":{"line":8,"column":20},"end":{"line":8,"column":22}},"5":{"start":{"line":11,"column":25},"end":{"line":11,"column":76}},"6":{"start":{"line":12,"column":6},"end":{"line":12,"column":59}},"7":{"start":{"line":15,"column":29},"end":{"line":17,"column":7}},"8":{"start":{"line":18,"column":6},"end":{"line":18,"column":71}},"9":{"start":{"line":21,"column":28},"end":{"line":23,"column":7}},"10":{"start":{"line":24,"column":6},"end":{"line":24,"column":68}},"11":{"start":{"line":27,"column":28},"end":{"line":29,"column":7}},"12":{"start":{"line":30,"column":6},"end":{"line":30,"column":68}},"13":{"start":{"line":33,"column":27},"end":{"line":35,"column":7}},"14":{"start":{"line":36,"column":6},"end":{"line":36,"column":65}},"15":{"start":{"line":39,"column":25},"end":{"line":43,"column":14}},"16":{"start":{"line":44,"column":6},"end":{"line":44,"column":59}},"17":{"start":{"line":46,"column":6},"end":{"line":46,"column":22}},"18":{"start":{"line":48,"column":6},"end":{"line":48,"column":53}},"19":{"start":{"line":53,"column":0},"end":{"line":53,"column":37}}},"fnMap":{"0":{"name":"(anonymous_0)","decl":{"start":{"line":6,"column":2},"end":{"line":6,"column":3}},"loc":{"start":{"line":6,"column":27},"end":{"line":50,"column":3}},"line":6}},"branchMap":{"0":{"loc":{"start":{"line":12,"column":25},"end":{"line":12,"column":58}},"type":"cond-expr","locations":[{"start":{"line":12,"column":38},"end":{"line":12,"column":54}},{"start":{"line":12,"column":57},"end":{"line":12,"column":58}}],"line":12},"1":{"loc":{"start":{"line":18,"column":29},"end":{"line":18,"column":70}},"type":"cond-expr","locations":[{"start":{"line":18,"column":46},"end":{"line":18,"column":66}},{"start":{"line":18,"column":69},"end":{"line":18,"column":70}}],"line":18},"2":{"loc":{"start":{"line":24,"column":28},"end":{"line":24,"column":67}},"type":"cond-expr","locations":[{"start":{"line":24,"column":44},"end":{"line":24,"column":63}},{"start":{"line":24,"column":66},"end":{"line":24,"column":67}}],"line":24},"3":{"loc":{"start":{"line":30,"column":28},"end":{"line":30,"column":67}},"type":"cond-expr","locations":[{"start":{"line":30,"column":44},"end":{"line":30,"column":63}},{"start":{"line":30,"column":66},"end":{"line":30,"column":67}}],"line":30},"4":{"loc":{"start":{"line":36,"column":27},"end":{"line":36,"column":64}},"type":"cond-expr","locations":[{"start":{"line":36,"column":42},"end":{"line":36,"column":60}},{"start":{"line":36,"column":63},"end":{"line":36,"column":64}}],"line":36},"5":{"loc":{"start":{"line":44,"column":25},"end":{"line":44,"column":58}},"type":"cond-expr","locations":[{"start":{"line":44,"column":38},"end":{"line":44,"column":54}},{"start":{"line":44,"column":57},"end":{"line":44,"column":58}}],"line":44}},"s":{"0":1,"1":1,"2":1,"3":0,"4":0,"5":0,"6":0,"7":0,"8":0,"9":0,"10":0,"11":0,"12":0,"13":0,"14":0,"15":0,"16":0,"17":0,"18":0,"19":1},"f":{"0":0},"b":{"0":[0,0],"1":[0,0],"2":[0,0],"3":[0,0],"4":[0,0],"5":[0,0]},"_coverageSchema":"1a1c01bbd47fc00a2c39e90264f33305004495a9","hash":"81fafe589a02c3e4f97d6627fdb55e79408fa861"}
,"D:\\library-management-v3-testing\\src\\controllers\\MemberController.js": {"path":"D:\\library-management-v3-testing\\src\\controllers\\MemberController.js","statementMap":{"0":{"start":{"line":2,"column":15},"end":{"line":2,"column":42}},"1":{"start":{"line":3,"column":18},"end":{"line":3,"column":48}},"2":{"start":{"line":5,"column":25},"end":{"line":128,"column":1}},"3":{"start":{"line":7,"column":4},"end":{"line":12,"column":5}},"4":{"start":{"line":8,"column":22},"end":{"line":8,"column":43}},"5":{"start":{"line":9,"column":6},"end":{"line":9,"column":24}},"6":{"start":{"line":11,"column":6},"end":{"line":11,"column":53}},"7":{"start":{"line":16,"column":4},"end":{"line":35,"column":5}},"8":{"start":{"line":17,"column":21},"end":{"line":17,"column":31}},"9":{"start":{"line":18,"column":21},"end":{"line":18,"column":46}},"10":{"start":{"line":20,"column":6},"end":{"line":22,"column":7}},"11":{"start":{"line":21,"column":8},"end":{"line":21,"column":67}},"12":{"start":{"line":25,"column":26},"end":{"line":25,"column":60}},"13":{"start":{"line":26,"column":6},"end":{"line":26,"column":42}},"14":{"start":{"line":29,"column":28},"end":{"line":29,"column":59}},"15":{"start":{"line":30,"column":6},"end":{"line":30,"column":46}},"16":{"start":{"line":32,"column":6},"end":{"line":32,"column":23}},"17":{"start":{"line":34,"column":6},"end":{"line":34,"column":53}},"18":{"start":{"line":39,"column":4},"end":{"line":70,"column":5}},"19":{"start":{"line":41,"column":8},"end":{"line":41,"column":16}},"20":{"start":{"line":43,"column":6},"end":{"line":47,"column":7}},"21":{"start":{"line":44,"column":8},"end":{"line":46,"column":11}},"22":{"start":{"line":50,"column":29},"end":{"line":50,"column":64}},"23":{"start":{"line":51,"column":6},"end":{"line":53,"column":7}},"24":{"start":{"line":52,"column":8},"end":{"line":52,"column":77}},"25":{"start":{"line":55,"column":21},"end":{"line":62,"column":7}},"26":{"start":{"line":64,"column":6},"end":{"line":67,"column":9}},"27":{"start":{"line":69,"column":6},"end":{"line":69,"column":53}},"28":{"start":{"line":74,"column":4},"end":{"line":102,"column":5}},"29":{"start":{"line":75,"column":21},"end":{"line":75,"column":31}},"30":{"start":{"line":76,"column":71},"end":{"line":76,"column":79}},"31":{"start":{"line":78,"column":21},"end":{"line":78,"column":46}},"32":{"start":{"line":79,"column":6},"end":{"line":81,"column":7}},"33":{"start":{"line":80,"column":8},"end":{"line":80,"column":67}},"34":{"start":{"line":83,"column":6},"end":{"line":87,"column":7}},"35":{"start":{"line":84,"column":8},"end":{"line":86,"column":78}},"36":{"start":{"line":89,"column":6},"end":{"line":97,"column":8}},"37":{"start":{"line":99,"column":6},"end":{"line":99,"column":34}},"38":{"start":{"line":101,"column":6},"end":{"line":101,"column":53}},"39":{"start":{"line":106,"column":4},"end":{"line":126,"column":5}},"40":{"start":{"line":107,"column":21},"end":{"line":107,"column":31}},"41":{"start":{"line":109,"column":21},"end":{"line":109,"column":46}},"42":{"start":{"line":110,"column":6},"end":{"line":112,"column":7}},"43":{"start":{"line":111,"column":8},"end":{"line":111,"column":67}},"44":{"start":{"line":115,"column":26},"end":{"line":115,"column":60}},"45":{"start":{"line":116,"column":6},"end":{"line":120,"column":7}},"46":{"start":{"line":117,"column":8},"end":{"line":119,"column":73}},"47":{"start":{"line":122,"column":6},"end":{"line":122,"column":30}},"48":{"start":{"line":123,"column":6},"end":{"line":123,"column":34}},"49":{"start":{"line":125,"column":6},"end":{"line":125,"column":53}},"50":{"start":{"line":130,"column":0},"end":{"line":130,"column":34}}},"fnMap":{"0":{"name":"(anonymous_0)","decl":{"start":{"line":6,"column":2},"end":{"line":6,"column":3}},"loc":{"start":{"line":6,"column":25},"end":{"line":13,"column":3}},"line":6},"1":{"name":"(anonymous_1)","decl":{"start":{"line":15,"column":2},"end":{"line":15,"column":3}},"loc":{"start":{"line":15,"column":26},"end":{"line":36,"column":3}},"line":15},"2":{"name":"(anonymous_2)","decl":{"start":{"line":38,"column":2},"end":{"line":38,"column":3}},"loc":{"start":{"line":38,"column":25},"end":{"line":71,"column":3}},"line":38},"3":{"name":"(anonymous_3)","decl":{"start":{"line":73,"column":2},"end":{"line":73,"column":3}},"loc":{"start":{"line":73,"column":25},"end":{"line":103,"column":3}},"line":73},"4":{"name":"(anonymous_4)","decl":{"start":{"line":105,"column":2},"end":{"line":105,"column":3}},"loc":{"start":{"line":105,"column":25},"end":{"line":127,"column":3}},"line":105}},"branchMap":{"0":{"loc":{"start":{"line":20,"column":6},"end":{"line":22,"column":7}},"type":"if","locations":[{"start":{"line":20,"column":6},"end":{"line":22,"column":7}},{"start":{},"end":{}}],"line":20},"1":{"loc":{"start":{"line":43,"column":6},"end":{"line":47,"column":7}},"type":"if","locations":[{"start":{"line":43,"column":6},"end":{"line":47,"column":7}},{"start":{},"end":{}}],"line":43},"2":{"loc":{"start":{"line":43,"column":10},"end":{"line":43,"column":49}},"type":"binary-expr","locations":[{"start":{"line":43,"column":10},"end":{"line":43,"column":21}},{"start":{"line":43,"column":25},"end":{"line":43,"column":34}},{"start":{"line":43,"column":38},"end":{"line":43,"column":49}}],"line":43},"3":{"loc":{"start":{"line":51,"column":6},"end":{"line":53,"column":7}},"type":"if","locations":[{"start":{"line":51,"column":6},"end":{"line":53,"column":7}},{"start":{},"end":{}}],"line":51},"4":{"loc":{"start":{"line":58,"column":8},"end":{"line":58,"column":21}},"type":"binary-expr","locations":[{"start":{"line":58,"column":8},"end":{"line":58,"column":13}},{"start":{"line":58,"column":17},"end":{"line":58,"column":21}}],"line":58},"5":{"loc":{"start":{"line":59,"column":8},"end":{"line":59,"column":21}},"type":"binary-expr","locations":[{"start":{"line":59,"column":8},"end":{"line":59,"column":13}},{"start":{"line":59,"column":17},"end":{"line":59,"column":21}}],"line":59},"6":{"loc":{"start":{"line":61,"column":8},"end":{"line":61,"column":21}},"type":"binary-expr","locations":[{"start":{"line":61,"column":8},"end":{"line":61,"column":16}},{"start":{"line":61,"column":20},"end":{"line":61,"column":21}}],"line":61},"7":{"loc":{"start":{"line":79,"column":6},"end":{"line":81,"column":7}},"type":"if","locations":[{"start":{"line":79,"column":6},"end":{"line":81,"column":7}},{"start":{},"end":{}}],"line":79},"8":{"loc":{"start":{"line":83,"column":6},"end":{"line":87,"column":7}},"type":"if","locations":[{"start":{"line":83,"column":6},"end":{"line":87,"column":7}},{"start":{},"end":{}}],"line":83},"9":{"loc":{"start":{"line":83,"column":10},"end":{"line":83,"column":45}},"type":"binary-expr","locations":[{"start":{"line":83,"column":10},"end":{"line":83,"column":19}},{"start":{"line":83,"column":23},"end":{"line":83,"column":34}},{"start":{"line":83,"column":38},"end":{"line":83,"column":45}}],"line":83},"10":{"loc":{"start":{"line":92,"column":8},"end":{"line":92,"column":21}},"type":"binary-expr","locations":[{"start":{"line":92,"column":8},"end":{"line":92,"column":13}},{"start":{"line":92,"column":17},"end":{"line":92,"column":21}}],"line":92},"11":{"loc":{"start":{"line":93,"column":8},"end":{"line":93,"column":21}},"type":"binary-expr","locations":[{"start":{"line":93,"column":8},"end":{"line":93,"column":13}},{"start":{"line":93,"column":17},"end":{"line":93,"column":21}}],"line":93},"12":{"loc":{"start":{"line":96,"column":8},"end":{"line":96,"column":21}},"type":"binary-expr","locations":[{"start":{"line":96,"column":8},"end":{"line":96,"column":16}},{"start":{"line":96,"column":20},"end":{"line":96,"column":21}}],"line":96},"13":{"loc":{"start":{"line":110,"column":6},"end":{"line":112,"column":7}},"type":"if","locations":[{"start":{"line":110,"column":6},"end":{"line":112,"column":7}},{"start":{},"end":{}}],"line":110},"14":{"loc":{"start":{"line":116,"column":6},"end":{"line":120,"column":7}},"type":"if","locations":[{"start":{"line":116,"column":6},"end":{"line":120,"column":7}},{"start":{},"end":{}}],"line":116}},"s":{"0":1,"1":1,"2":1,"3":0,"4":0,"5":0,"6":0,"7":0,"8":0,"9":0,"10":0,"11":0,"12":0,"13":0,"14":0,"15":0,"16":0,"17":0,"18":0,"19":0,"20":0,"21":0,"22":0,"23":0,"24":0,"25":0,"26":0,"27":0,"28":0,"29":0,"30":0,"31":0,"32":0,"33":0,"34":0,"35":0,"36":0,"37":0,"38":0,"39":0,"40":0,"41":0,"42":0,"43":0,"44":0,"45":0,"46":0,"47":0,"48":0,"49":0,"50":1},"f":{"0":0,"1":0,"2":0,"3":0,"4":0},"b":{"0":[0,0],"1":[0,0],"2":[0,0,0],"3":[0,0],"4":[0,0],"5":[0,0],"6":[0,0],"7":[0,0],"8":[0,0],"9":[0,0,0],"10":[0,0],"11":[0,0],"12":[0,0],"13":[0,0],"14":[0,0]},"_coverageSchema":"1a1c01bbd47fc00a2c39e90264f33305004495a9","hash":"27ebbd2780d070161c9a28c7402d31539adb8681"}
,"D:\\library-management-v3-testing\\src\\middleware\\auth.js": {"path":"D:\\library-management-v3-testing\\src\\middleware\\auth.js","statementMap":{"0":{"start":{"line":4,"column":2},"end":{"line":11,"column":3}},"1":{"start":{"line":6,"column":4},"end":{"line":8,"column":5}},"2":{"start":{"line":7,"column":6},"end":{"line":7,"column":61}},"3":{"start":{"line":10,"column":4},"end":{"line":10,"column":34}},"4":{"start":{"line":12,"column":2},"end":{"line":12,"column":9}},"5":{"start":{"line":16,"column":2},"end":{"line":18,"column":3}},"6":{"start":{"line":17,"column":4},"end":{"line":17,"column":59}},"7":{"start":{"line":20,"column":2},"end":{"line":22,"column":3}},"8":{"start":{"line":21,"column":4},"end":{"line":21,"column":80}},"9":{"start":{"line":24,"column":2},"end":{"line":24,"column":9}},"10":{"start":{"line":27,"column":0},"end":{"line":30,"column":2}}},"fnMap":{"0":{"name":"requireAuth","decl":{"start":{"line":3,"column":9},"end":{"line":3,"column":20}},"loc":{"start":{"line":3,"column":37},"end":{"line":13,"column":1}},"line":3},"1":{"name":"requireAdmin","decl":{"start":{"line":15,"column":9},"end":{"line":15,"column":21}},"loc":{"start":{"line":15,"column":38},"end":{"line":25,"column":1}},"line":15}},"branchMap":{"0":{"loc":{"start":{"line":4,"column":2},"end":{"line":11,"column":3}},"type":"if","locations":[{"start":{"line":4,"column":2},"end":{"line":11,"column":3}},{"start":{},"end":{}}],"line":4},"1":{"loc":{"start":{"line":4,"column":6},"end":{"line":4,"column":42}},"type":"binary-expr","locations":[{"start":{"line":4,"column":6},"end":{"line":4,"column":18}},{"start":{"line":4,"column":22},"end":{"line":4,"column":42}}],"line":4},"2":{"loc":{"start":{"line":6,"column":4},"end":{"line":8,"column":5}},"type":"if","locations":[{"start":{"line":6,"column":4},"end":{"line":8,"column":5}},{"start":{},"end":{}}],"line":6},"3":{"loc":{"start":{"line":16,"column":2},"end":{"line":18,"column":3}},"type":"if","locations":[{"start":{"line":16,"column":2},"end":{"line":18,"column":3}},{"start":{},"end":{}}],"line":16},"4":{"loc":{"start":{"line":16,"column":6},"end":{"line":16,"column":42}},"type":"binary-expr","locations":[{"start":{"line":16,"column":6},"end":{"line":16,"column":18}},{"start":{"line":16,"column":22},"end":{"line":16,"column":42}}],"line":16},"5":{"loc":{"start":{"line":20,"column":2},"end":{"line":22,"column":3}},"type":"if","locations":[{"start":{"line":20,"column":2},"end":{"line":22,"column":3}},{"start":{},"end":{}}],"line":20}},"s":{"0":0,"1":0,"2":0,"3":0,"4":0,"5":0,"6":0,"7":0,"8":0,"9":0,"10":1},"f":{"0":0,"1":0},"b":{"0":[0,0],"1":[0,0],"2":[0,0],"3":[0,0],"4":[0,0],"5":[0,0]},"_coverageSchema":"1a1c01bbd47fc00a2c39e90264f33305004495a9","hash":"d3250dc90bccf44886482540b5d76a30cddb2787"}
,"D:\\library-management-v3-testing\\src\\models\\Book.js": {"path":"D:\\library-management-v3-testing\\src\\models\\Book.js","statementMap":{"0":{"start":{"line":2,"column":32},"end":{"line":2,"column":50}},"1":{"start":{"line":4,"column":13},"end":{"line":110,"column":1}},"2":{"start":{"line":6,"column":4},"end":{"line":8,"column":7}},"3":{"start":{"line":12,"column":4},"end":{"line":12,"column":64}},"4":{"start":{"line":16,"column":4},"end":{"line":16,"column":71}},"5":{"start":{"line":20,"column":4},"end":{"line":23,"column":6}},"6":{"start":{"line":27,"column":23},"end":{"line":27,"column":35}},"7":{"start":{"line":28,"column":4},"end":{"line":31,"column":6}},"8":{"start":{"line":44,"column":4},"end":{"line":57,"column":6}},"9":{"start":{"line":71,"column":4},"end":{"line":84,"column":6}},"10":{"start":{"line":88,"column":4},"end":{"line":91,"column":7}},"11":{"start":{"line":95,"column":4},"end":{"line":95,"column":64}},"12":{"start":{"line":99,"column":4},"end":{"line":101,"column":6}},"13":{"start":{"line":105,"column":19},"end":{"line":107,"column":5}},"14":{"start":{"line":108,"column":4},"end":{"line":108,"column":41}},"15":{"start":{"line":108,"column":29},"end":{"line":108,"column":39}},"16":{"start":{"line":112,"column":0},"end":{"line":112,"column":22}}},"fnMap":{"0":{"name":"(anonymous_0)","decl":{"start":{"line":5,"column":2},"end":{"line":5,"column":3}},"loc":{"start":{"line":5,"column":25},"end":{"line":9,"column":3}},"line":5},"1":{"name":"(anonymous_1)","decl":{"start":{"line":11,"column":2},"end":{"line":11,"column":3}},"loc":{"start":{"line":11,"column":25},"end":{"line":13,"column":3}},"line":11},"2":{"name":"(anonymous_2)","decl":{"start":{"line":15,"column":2},"end":{"line":15,"column":3}},"loc":{"start":{"line":15,"column":17},"end":{"line":17,"column":3}},"line":15},"3":{"name":"(anonymous_3)","decl":{"start":{"line":19,"column":2},"end":{"line":19,"column":3}},"loc":{"start":{"line":19,"column":26},"end":{"line":24,"column":3}},"line":19},"4":{"name":"(anonymous_4)","decl":{"start":{"line":26,"column":2},"end":{"line":26,"column":3}},"loc":{"start":{"line":26,"column":22},"end":{"line":32,"column":3}},"line":26},"5":{"name":"(anonymous_5)","decl":{"start":{"line":34,"column":2},"end":{"line":34,"column":3}},"loc":{"start":{"line":43,"column":4},"end":{"line":58,"column":3}},"line":43},"6":{"name":"(anonymous_6)","decl":{"start":{"line":60,"column":2},"end":{"line":60,"column":3}},"loc":{"start":{"line":70,"column":4},"end":{"line":85,"column":3}},"line":70},"7":{"name":"(anonymous_7)","decl":{"start":{"line":87,"column":2},"end":{"line":87,"column":3}},"loc":{"start":{"line":87,"column":55},"end":{"line":92,"column":3}},"line":87},"8":{"name":"(anonymous_8)","decl":{"start":{"line":94,"column":2},"end":{"line":94,"column":3}},"loc":{"start":{"line":94,"column":23},"end":{"line":96,"column":3}},"line":94},"9":{"name":"(anonymous_9)","decl":{"start":{"line":98,"column":2},"end":{"line":98,"column":3}},"loc":{"start":{"line":98,"column":28},"end":{"line":102,"column":3}},"line":98},"10":{"name":"(anonymous_10)","decl":{"start":{"line":104,"column":2},"end":{"line":104,"column":3}},"loc":{"start":{"line":104,"column":24},"end":{"line":109,"column":3}},"line":104},"11":{"name":"(anonymous_11)","decl":{"start":{"line":108,"column":22},"end":{"line":108,"column":23}},"loc":{"start":{"line":108,"column":29},"end":{"line":108,"column":39}},"line":108}},"branchMap":{},"s":{"0":1,"1":1,"2":0,"3":0,"4":0,"5":0,"6":0,"7":0,"8":0,"9":0,"10":0,"11":0,"12":0,"13":0,"14":0,"15":0,"16":1},"f":{"0":0,"1":0,"2":0,"3":0,"4":0,"5":0,"6":0,"7":0,"8":0,"9":0,"10":0,"11":0},"b":{},"_coverageSchema":"1a1c01bbd47fc00a2c39e90264f33305004495a9","hash":"0f896c5642ad4184b6536af0438c9b2487d798d2"}
,"D:\\library-management-v3-testing\\src\\models\\Borrowing.js": {"path":"D:\\library-management-v3-testing\\src\\models\\Borrowing.js","statementMap":{"0":{"start":{"line":2,"column":32},"end":{"line":2,"column":50}},"1":{"start":{"line":4,"column":18},"end":{"line":98,"column":1}},"2":{"start":{"line":6,"column":4},"end":{"line":13,"column":6}},"3":{"start":{"line":17,"column":4},"end":{"line":23,"column":11}},"4":{"start":{"line":27,"column":4},"end":{"line":35,"column":6}},"5":{"start":{"line":39,"column":4},"end":{"line":46,"column":11}},"6":{"start":{"line":50,"column":4},"end":{"line":57,"column":11}},"7":{"start":{"line":61,"column":4},"end":{"line":64,"column":6}},"8":{"start":{"line":68,"column":4},"end":{"line":71,"column":6}},"9":{"start":{"line":75,"column":4},"end":{"line":78,"column":7}},"10":{"start":{"line":82,"column":4},"end":{"line":88,"column":6}},"11":{"start":{"line":92,"column":19},"end":{"line":95,"column":5}},"12":{"start":{"line":96,"column":4},"end":{"line":96,"column":45}},"13":{"start":{"line":100,"column":0},"end":{"line":100,"column":27}}},"fnMap":{"0":{"name":"(anonymous_0)","decl":{"start":{"line":5,"column":2},"end":{"line":5,"column":3}},"loc":{"start":{"line":5,"column":27},"end":{"line":14,"column":3}},"line":5},"1":{"name":"(anonymous_1)","decl":{"start":{"line":16,"column":2},"end":{"line":16,"column":3}},"loc":{"start":{"line":16,"column":17},"end":{"line":24,"column":3}},"line":16},"2":{"name":"(anonymous_2)","decl":{"start":{"line":26,"column":2},"end":{"line":26,"column":3}},"loc":{"start":{"line":26,"column":30},"end":{"line":36,"column":3}},"line":26},"3":{"name":"(anonymous_3)","decl":{"start":{"line":38,"column":2},"end":{"line":38,"column":3}},"loc":{"start":{"line":38,"column":22},"end":{"line":47,"column":3}},"line":38},"4":{"name":"(anonymous_4)","decl":{"start":{"line":49,"column":2},"end":{"line":49,"column":3}},"loc":{"start":{"line":49,"column":21},"end":{"line":58,"column":3}},"line":49},"5":{"name":"(anonymous_5)","decl":{"start":{"line":60,"column":2},"end":{"line":60,"column":3}},"loc":{"start":{"line":60,"column":54},"end":{"line":65,"column":3}},"line":60},"6":{"name":"(anonymous_6)","decl":{"start":{"line":67,"column":2},"end":{"line":67,"column":3}},"loc":{"start":{"line":67,"column":57},"end":{"line":72,"column":3}},"line":67},"7":{"name":"(anonymous_7)","decl":{"start":{"line":74,"column":2},"end":{"line":74,"column":3}},"loc":{"start":{"line":74,"column":39},"end":{"line":79,"column":3}},"line":74},"8":{"name":"(anonymous_8)","decl":{"start":{"line":81,"column":2},"end":{"line":81,"column":3}},"loc":{"start":{"line":81,"column":42},"end":{"line":89,"column":3}},"line":81},"9":{"name":"(anonymous_9)","decl":{"start":{"line":91,"column":2},"end":{"line":91,"column":3}},"loc":{"start":{"line":91,"column":36},"end":{"line":97,"column":3}},"line":91}},"branchMap":{"0":{"loc":{"start":{"line":67,"column":41},"end":{"line":67,"column":55}},"type":"default-arg","locations":[{"start":{"line":67,"column":54},"end":{"line":67,"column":55}}],"line":67},"1":{"loc":{"start":{"line":96,"column":11},"end":{"line":96,"column":44}},"type":"cond-expr","locations":[{"start":{"line":96,"column":20},"end":{"line":96,"column":36}},{"start":{"line":96,"column":39},"end":{"line":96,"column":44}}],"line":96}},"s":{"0":1,"1":1,"2":0,"3":0,"4":0,"5":0,"6":0,"7":0,"8":0,"9":0,"10":0,"11":0,"12":0,"13":1},"f":{"0":0,"1":0,"2":0,"3":0,"4":0,"5":0,"6":0,"7":0,"8":0,"9":0},"b":{"0":[0],"1":[0,0]},"_coverageSchema":"1a1c01bbd47fc00a2c39e90264f33305004495a9","hash":"6c0f37aec2de6d8cc6f26b7e4a04a59a1c12c8d2"}
,"D:\\library-management-v3-testing\\src\\models\\Member.js": {"path":"D:\\library-management-v3-testing\\src\\models\\Member.js","statementMap":{"0":{"start":{"line":2,"column":32},"end":{"line":2,"column":50}},"1":{"start":{"line":4,"column":15},"end":{"line":64,"column":1}},"2":{"start":{"line":6,"column":4},"end":{"line":6,"column":75}},"3":{"start":{"line":10,"column":4},"end":{"line":10,"column":79}},"4":{"start":{"line":14,"column":4},"end":{"line":14,"column":64}},"5":{"start":{"line":18,"column":4},"end":{"line":20,"column":6}},"6":{"start":{"line":24,"column":29},"end":{"line":24,"column":67}},"7":{"start":{"line":25,"column":4},"end":{"line":36,"column":6}},"8":{"start":{"line":40,"column":4},"end":{"line":43,"column":6}},"9":{"start":{"line":47,"column":4},"end":{"line":50,"column":7}},"10":{"start":{"line":54,"column":4},"end":{"line":54,"column":70}},"11":{"start":{"line":58,"column":19},"end":{"line":61,"column":5}},"12":{"start":{"line":62,"column":4},"end":{"line":62,"column":37}},"13":{"start":{"line":66,"column":0},"end":{"line":66,"column":24}}},"fnMap":{"0":{"name":"(anonymous_0)","decl":{"start":{"line":5,"column":2},"end":{"line":5,"column":3}},"loc":{"start":{"line":5,"column":27},"end":{"line":7,"column":3}},"line":5},"1":{"name":"(anonymous_1)","decl":{"start":{"line":9,"column":2},"end":{"line":9,"column":3}},"loc":{"start":{"line":9,"column":31},"end":{"line":11,"column":3}},"line":9},"2":{"name":"(anonymous_2)","decl":{"start":{"line":13,"column":2},"end":{"line":13,"column":3}},"loc":{"start":{"line":13,"column":17},"end":{"line":15,"column":3}},"line":13},"3":{"name":"(anonymous_3)","decl":{"start":{"line":17,"column":2},"end":{"line":17,"column":3}},"loc":{"start":{"line":17,"column":20},"end":{"line":21,"column":3}},"line":17},"4":{"name":"(anonymous_4)","decl":{"start":{"line":23,"column":2},"end":{"line":23,"column":3}},"loc":{"start":{"line":23,"column":77},"end":{"line":37,"column":3}},"line":23},"5":{"name":"(anonymous_5)","decl":{"start":{"line":39,"column":2},"end":{"line":39,"column":3}},"loc":{"start":{"line":39,"column":79},"end":{"line":44,"column":3}},"line":39},"6":{"name":"(anonymous_6)","decl":{"start":{"line":46,"column":2},"end":{"line":46,"column":3}},"loc":{"start":{"line":46,"column":39},"end":{"line":51,"column":3}},"line":46},"7":{"name":"(anonymous_7)","decl":{"start":{"line":53,"column":2},"end":{"line":53,"column":3}},"loc":{"start":{"line":53,"column":25},"end":{"line":55,"column":3}},"line":53},"8":{"name":"(anonymous_8)","decl":{"start":{"line":57,"column":2},"end":{"line":57,"column":3}},"loc":{"start":{"line":57,"column":36},"end":{"line":63,"column":3}},"line":57}},"branchMap":{"0":{"loc":{"start":{"line":23,"column":63},"end":{"line":23,"column":75}},"type":"default-arg","locations":[{"start":{"line":23,"column":74},"end":{"line":23,"column":75}}],"line":23},"1":{"loc":{"start":{"line":62,"column":11},"end":{"line":62,"column":36}},"type":"cond-expr","locations":[{"start":{"line":62,"column":20},"end":{"line":62,"column":32}},{"start":{"line":62,"column":35},"end":{"line":62,"column":36}}],"line":62}},"s":{"0":1,"1":1,"2":0,"3":0,"4":0,"5":0,"6":0,"7":0,"8":0,"9":0,"10":0,"11":0,"12":0,"13":1},"f":{"0":0,"1":0,"2":0,"3":0,"4":0,"5":0,"6":0,"7":0,"8":0},"b":{"0":[0],"1":[0,0]},"_coverageSchema":"1a1c01bbd47fc00a2c39e90264f33305004495a9","hash":"966ed65b8ded274e68a2e50d88e46db7712eceab"}
,"D:\\library-management-v3-testing\\src\\models\\User.js": {"path":"D:\\library-management-v3-testing\\src\\models\\User.js","statementMap":{"0":{"start":{"line":2,"column":32},"end":{"line":2,"column":50}},"1":{"start":{"line":4,"column":13},"end":{"line":36,"column":1}},"2":{"start":{"line":6,"column":4},"end":{"line":6,"column":72}},"3":{"start":{"line":10,"column":4},"end":{"line":10,"column":69}},"4":{"start":{"line":14,"column":4},"end":{"line":16,"column":6}},"5":{"start":{"line":20,"column":4},"end":{"line":23,"column":6}},"6":{"start":{"line":27,"column":4},"end":{"line":30,"column":6}},"7":{"start":{"line":34,"column":4},"end":{"line":34,"column":64}},"8":{"start":{"line":38,"column":0},"end":{"line":38,"column":22}}},"fnMap":{"0":{"name":"(anonymous_0)","decl":{"start":{"line":5,"column":2},"end":{"line":5,"column":3}},"loc":{"start":{"line":5,"column":33},"end":{"line":7,"column":3}},"line":5},"1":{"name":"(anonymous_1)","decl":{"start":{"line":9,"column":2},"end":{"line":9,"column":3}},"loc":{"start":{"line":9,"column":25},"end":{"line":11,"column":3}},"line":9},"2":{"name":"(anonymous_2)","decl":{"start":{"line":13,"column":2},"end":{"line":13,"column":3}},"loc":{"start":{"line":13,"column":17},"end":{"line":17,"column":3}},"line":13},"3":{"name":"(anonymous_3)","decl":{"start":{"line":19,"column":2},"end":{"line":19,"column":3}},"loc":{"start":{"line":19,"column":51},"end":{"line":24,"column":3}},"line":19},"4":{"name":"(anonymous_4)","decl":{"start":{"line":26,"column":2},"end":{"line":26,"column":3}},"loc":{"start":{"line":26,"column":49},"end":{"line":31,"column":3}},"line":26},"5":{"name":"(anonymous_5)","decl":{"start":{"line":33,"column":2},"end":{"line":33,"column":3}},"loc":{"start":{"line":33,"column":23},"end":{"line":35,"column":3}},"line":33}},"branchMap":{},"s":{"0":1,"1":1,"2":1,"3":0,"4":0,"5":0,"6":0,"7":0,"8":1},"f":{"0":1,"1":0,"2":0,"3":0,"4":0,"5":0},"b":{},"_coverageSchema":"1a1c01bbd47fc00a2c39e90264f33305004495a9","hash":"40bc5b9bef1eb3a6533775954b95b17d78eb8664"}
,"D:\\library-management-v3-testing\\src\\models\\query.js": {"path":"D:\\library-management-v3-testing\\src\\models\\query.js","statementMap":{"0":{"start":{"line":3,"column":15},"end":{"line":3,"column":37}},"1":{"start":{"line":7,"column":2},"end":{"line":12,"column":5}},"2":{"start":{"line":8,"column":4},"end":{"line":11,"column":7}},"3":{"start":{"line":9,"column":6},"end":{"line":10,"column":24}},"4":{"start":{"line":9,"column":15},"end":{"line":9,"column":27}},"5":{"start":{"line":10,"column":11},"end":{"line":10,"column":24}},"6":{"start":{"line":17,"column":2},"end":{"line":22,"column":5}},"7":{"start":{"line":18,"column":4},"end":{"line":21,"column":7}},"8":{"start":{"line":19,"column":6},"end":{"line":20,"column":31}},"9":{"start":{"line":19,"column":15},"end":{"line":19,"column":27}},"10":{"start":{"line":20,"column":11},"end":{"line":20,"column":31}},"11":{"start":{"line":27,"column":2},"end":{"line":32,"column":5}},"12":{"start":{"line":28,"column":4},"end":{"line":31,"column":7}},"13":{"start":{"line":29,"column":6},"end":{"line":30,"column":67}},"14":{"start":{"line":29,"column":15},"end":{"line":29,"column":27}},"15":{"start":{"line":30,"column":11},"end":{"line":30,"column":67}},"16":{"start":{"line":35,"column":0},"end":{"line":39,"column":2}}},"fnMap":{"0":{"name":"getOne","decl":{"start":{"line":6,"column":9},"end":{"line":6,"column":15}},"loc":{"start":{"line":6,"column":34},"end":{"line":13,"column":1}},"line":6},"1":{"name":"(anonymous_1)","decl":{"start":{"line":7,"column":21},"end":{"line":7,"column":22}},"loc":{"start":{"line":7,"column":42},"end":{"line":12,"column":3}},"line":7},"2":{"name":"(anonymous_2)","decl":{"start":{"line":8,"column":24},"end":{"line":8,"column":25}},"loc":{"start":{"line":8,"column":38},"end":{"line":11,"column":5}},"line":8},"3":{"name":"getAll","decl":{"start":{"line":16,"column":9},"end":{"line":16,"column":15}},"loc":{"start":{"line":16,"column":34},"end":{"line":23,"column":1}},"line":16},"4":{"name":"(anonymous_4)","decl":{"start":{"line":17,"column":21},"end":{"line":17,"column":22}},"loc":{"start":{"line":17,"column":42},"end":{"line":22,"column":3}},"line":17},"5":{"name":"(anonymous_5)","decl":{"start":{"line":18,"column":24},"end":{"line":18,"column":25}},"loc":{"start":{"line":18,"column":39},"end":{"line":21,"column":5}},"line":18},"6":{"name":"run","decl":{"start":{"line":26,"column":9},"end":{"line":26,"column":12}},"loc":{"start":{"line":26,"column":31},"end":{"line":33,"column":1}},"line":26},"7":{"name":"(anonymous_7)","decl":{"start":{"line":27,"column":21},"end":{"line":27,"column":22}},"loc":{"start":{"line":27,"column":42},"end":{"line":32,"column":3}},"line":27},"8":{"name":"(anonymous_8)","decl":{"start":{"line":28,"column":24},"end":{"line":28,"column":25}},"loc":{"start":{"line":28,"column":39},"end":{"line":31,"column":5}},"line":28}},"branchMap":{"0":{"loc":{"start":{"line":6,"column":21},"end":{"line":6,"column":32}},"type":"default-arg","locations":[{"start":{"line":6,"column":30},"end":{"line":6,"column":32}}],"line":6},"1":{"loc":{"start":{"line":9,"column":6},"end":{"line":10,"column":24}},"type":"if","locations":[{"start":{"line":9,"column":6},"end":{"line":10,"column":24}},{"start":{"line":10,"column":11},"end":{"line":10,"column":24}}],"line":9},"2":{"loc":{"start":{"line":16,"column":21},"end":{"line":16,"column":32}},"type":"default-arg","locations":[{"start":{"line":16,"column":30},"end":{"line":16,"column":32}}],"line":16},"3":{"loc":{"start":{"line":19,"column":6},"end":{"line":20,"column":31}},"type":"if","locations":[{"start":{"line":19,"column":6},"end":{"line":20,"column":31}},{"start":{"line":20,"column":11},"end":{"line":20,"column":31}}],"line":19},"4":{"loc":{"start":{"line":20,"column":19},"end":{"line":20,"column":29}},"type":"binary-expr","locations":[{"start":{"line":20,"column":19},"end":{"line":20,"column":23}},{"start":{"line":20,"column":27},"end":{"line":20,"column":29}}],"line":20},"5":{"loc":{"start":{"line":26,"column":18},"end":{"line":26,"column":29}},"type":"default-arg","locations":[{"start":{"line":26,"column":27},"end":{"line":26,"column":29}}],"line":26},"6":{"loc":{"start":{"line":29,"column":6},"end":{"line":30,"column":67}},"type":"if","locations":[{"start":{"line":29,"column":6},"end":{"line":30,"column":67}},{"start":{"line":30,"column":11},"end":{"line":30,"column":67}}],"line":29}},"s":{"0":1,"1":1,"2":1,"3":1,"4":0,"5":1,"6":0,"7":0,"8":0,"9":0,"10":0,"11":1,"12":1,"13":1,"14":0,"15":1,"16":1},"f":{"0":1,"1":1,"2":1,"3":0,"4":0,"5":0,"6":1,"7":1,"8":1},"b":{"0":[0],"1":[0,1],"2":[0],"3":[0,0],"4":[0,0],"5":[0],"6":[0,1]},"_coverageSchema":"1a1c01bbd47fc00a2c39e90264f33305004495a9","hash":"266a2ac99134e297a6a9d2a9a1380f316a6530b7"}
,"D:\\library-management-v3-testing\\src\\routes\\auth.js": {"path":"D:\\library-management-v3-testing\\src\\routes\\auth.js","statementMap":{"0":{"start":{"line":2,"column":16},"end":{"line":2,"column":34}},"1":{"start":{"line":3,"column":15},"end":{"line":3,"column":31}},"2":{"start":{"line":4,"column":23},"end":{"line":4,"column":63}},"3":{"start":{"line":5,"column":24},"end":{"line":5,"column":53}},"4":{"start":{"line":7,"column":0},"end":{"line":7,"column":44}},"5":{"start":{"line":8,"column":0},"end":{"line":8,"column":46}},"6":{"start":{"line":9,"column":0},"end":{"line":9,"column":62}},"7":{"start":{"line":11,"column":0},"end":{"line":11,"column":24}}},"fnMap":{},"branchMap":{},"s":{"0":1,"1":1,"2":1,"3":1,"4":1,"5":1,"6":1,"7":1},"f":{},"b":{},"_coverageSchema":"1a1c01bbd47fc00a2c39e90264f33305004495a9","hash":"22a00b40b97116c40318ee6fd9d3df8e456dc201"}
,"D:\\library-management-v3-testing\\src\\routes\\books.js": {"path":"D:\\library-management-v3-testing\\src\\routes\\books.js","statementMap":{"0":{"start":{"line":2,"column":16},"end":{"line":2,"column":34}},"1":{"start":{"line":3,"column":15},"end":{"line":3,"column":31}},"2":{"start":{"line":4,"column":23},"end":{"line":4,"column":63}},"3":{"start":{"line":5,"column":38},"end":{"line":5,"column":67}},"4":{"start":{"line":7,"column":0},"end":{"line":7,"column":52}},"5":{"start":{"line":8,"column":0},"end":{"line":8,"column":58}},"6":{"start":{"line":9,"column":0},"end":{"line":9,"column":56}},"7":{"start":{"line":10,"column":0},"end":{"line":10,"column":54}},"8":{"start":{"line":11,"column":0},"end":{"line":11,"column":56}},"9":{"start":{"line":12,"column":0},"end":{"line":12,"column":59}},"10":{"start":{"line":14,"column":0},"end":{"line":14,"column":24}}},"fnMap":{},"branchMap":{},"s":{"0":1,"1":1,"2":1,"3":1,"4":1,"5":1,"6":1,"7":1,"8":1,"9":1,"10":1},"f":{},"b":{},"_coverageSchema":"1a1c01bbd47fc00a2c39e90264f33305004495a9","hash":"7f9c9fa170c823c0a8069676fa2ca42a9c189448"}
,"D:\\library-management-v3-testing\\src\\routes\\borrowing.js": {"path":"D:\\library-management-v3-testing\\src\\routes\\borrowing.js","statementMap":{"0":{"start":{"line":2,"column":16},"end":{"line":2,"column":34}},"1":{"start":{"line":3,"column":15},"end":{"line":3,"column":31}},"2":{"start":{"line":4,"column":28},"end":{"line":4,"column":73}},"3":{"start":{"line":5,"column":38},"end":{"line":5,"column":67}},"4":{"start":{"line":7,"column":0},"end":{"line":7,"column":70}},"5":{"start":{"line":8,"column":0},"end":{"line":8,"column":68}},"6":{"start":{"line":9,"column":0},"end":{"line":13,"column":2}},"7":{"start":{"line":14,"column":0},"end":{"line":14,"column":57}},"8":{"start":{"line":15,"column":0},"end":{"line":15,"column":58}},"9":{"start":{"line":16,"column":0},"end":{"line":16,"column":68}},"10":{"start":{"line":17,"column":0},"end":{"line":17,"column":77}},"11":{"start":{"line":18,"column":0},"end":{"line":18,"column":80}},"12":{"start":{"line":20,"column":0},"end":{"line":20,"column":24}}},"fnMap":{},"branchMap":{},"s":{"0":1,"1":1,"2":1,"3":1,"4":1,"5":1,"6":1,"7":1,"8":1,"9":1,"10":1,"11":1,"12":1},"f":{},"b":{},"_coverageSchema":"1a1c01bbd47fc00a2c39e90264f33305004495a9","hash":"cb2f4170dfda13274b31fe87c3d8b4de1b24c41f"}
,"D:\\library-management-v3-testing\\src\\routes\\dashboard.js": {"path":"D:\\library-management-v3-testing\\src\\routes\\dashboard.js","statementMap":{"0":{"start":{"line":2,"column":16},"end":{"line":2,"column":34}},"1":{"start":{"line":3,"column":15},"end":{"line":3,"column":31}},"2":{"start":{"line":4,"column":28},"end":{"line":4,"column":73}},"3":{"start":{"line":5,"column":24},"end":{"line":5,"column":53}},"4":{"start":{"line":7,"column":0},"end":{"line":7,"column":64}},"5":{"start":{"line":9,"column":0},"end":{"line":9,"column":24}}},"fnMap":{},"branchMap":{},"s":{"0":1,"1":1,"2":1,"3":1,"4":1,"5":1},"f":{},"b":{},"_coverageSchema":"1a1c01bbd47fc00a2c39e90264f33305004495a9","hash":"62244498e490f0c7a85c0e461fc6bbcb27e69ada"}
,"D:\\library-management-v3-testing\\src\\routes\\members.js": {"path":"D:\\library-management-v3-testing\\src\\routes\\members.js","statementMap":{"0":{"start":{"line":2,"column":16},"end":{"line":2,"column":34}},"1":{"start":{"line":3,"column":15},"end":{"line":3,"column":31}},"2":{"start":{"line":4,"column":25},"end":{"line":4,"column":67}},"3":{"start":{"line":5,"column":38},"end":{"line":5,"column":67}},"4":{"start":{"line":7,"column":0},"end":{"line":7,"column":54}},"5":{"start":{"line":8,"column":0},"end":{"line":8,"column":58}},"6":{"start":{"line":9,"column":0},"end":{"line":9,"column":56}},"7":{"start":{"line":10,"column":0},"end":{"line":10,"column":58}},"8":{"start":{"line":11,"column":0},"end":{"line":11,"column":61}},"9":{"start":{"line":13,"column":0},"end":{"line":13,"column":24}}},"fnMap":{},"branchMap":{},"s":{"0":1,"1":1,"2":1,"3":1,"4":1,"5":1,"6":1,"7":1,"8":1,"9":1},"f":{},"b":{},"_coverageSchema":"1a1c01bbd47fc00a2c39e90264f33305004495a9","hash":"fce350007da2c2d02544e78e4708abaaa4a7a320"}
}
