TN:
SF:src\__tests__\contract\helpers\assertJsonSchema.js
FN:1,getType
FN:13,formatPath
FN:17,validateSchema
FN:76,(anonymous_3)
FN:97,assertJsonSchema
FNF:5
FNH:4
FNDA:1691,getType
FNDA:0,formatPath
FNDA:1747,validateSchema
FNDA:193,(anonymous_3)
FNDA:41,assertJsonSchema
DA:2,1691
DA:3,6
DA:6,1685
DA:7,0
DA:10,1685
DA:14,0
DA:18,1747
DA:20,1747
DA:21,0
DA:24,1747
DA:25,42
DA:27,1705
DA:28,1691
DA:29,1691
DA:30,0
DA:33,0
DA:37,1705
DA:38,233
DA:39,233
DA:40,1104
DA:41,0
DA:45,233
DA:46,233
DA:47,1513
DA:48,1513
DA:59,233
DA:60,10
DA:61,21
DA:62,0
DA:68,1705
DA:69,6
DA:70,0
DA:75,6
DA:76,6
DA:77,193
DA:82,1705
DA:83,0
DA:88,1705
DA:89,0
DA:94,1705
DA:98,41
DA:99,41
DA:102,5
LF:43
LH:33
BRDA:2,0,0,6
BRDA:2,0,1,1685
BRDA:6,1,0,0
BRDA:6,1,1,1685
BRDA:14,2,0,0
BRDA:14,2,1,0
BRDA:17,3,0,41
BRDA:20,4,0,0
BRDA:20,4,1,1747
BRDA:20,5,0,1747
BRDA:20,5,1,1747
BRDA:24,6,0,42
BRDA:24,6,1,1705
BRDA:24,7,0,1747
BRDA:24,7,1,42
BRDA:27,8,0,1691
BRDA:27,8,1,14
BRDA:29,9,0,0
BRDA:29,9,1,1691
BRDA:37,10,0,233
BRDA:37,10,1,1472
BRDA:38,11,0,233
BRDA:38,11,1,0
BRDA:40,12,0,0
BRDA:40,12,1,1104
BRDA:45,13,0,233
BRDA:45,13,1,0
BRDA:47,14,0,1513
BRDA:47,14,1,0
BRDA:52,15,0,1428
BRDA:52,15,1,85
BRDA:59,16,0,10
BRDA:59,16,1,223
BRDA:59,17,0,233
BRDA:59,17,1,10
BRDA:61,18,0,0
BRDA:61,18,1,21
BRDA:68,19,0,6
BRDA:68,19,1,1699
BRDA:69,20,0,0
BRDA:69,20,1,6
BRDA:69,21,0,6
BRDA:69,21,1,0
BRDA:75,22,0,6
BRDA:75,22,1,0
BRDA:82,23,0,0
BRDA:82,23,1,1705
BRDA:82,24,0,1705
BRDA:82,24,1,14
BRDA:88,25,0,0
BRDA:88,25,1,1705
BRDA:88,26,0,1705
BRDA:88,26,1,0
BRF:53
BRH:37
end_of_record
TN:
SF:src\controllers\AuthController.js
FN:5,(anonymous_0)
FN:42,(anonymous_1)
FN:43,(anonymous_2)
FN:51,(anonymous_3)
FNF:4
FNH:4
FNDA:191,(anonymous_0)
FNDA:2,(anonymous_1)
FNDA:2,(anonymous_2)
FNDA:2,(anonymous_3)
DA:2,13
DA:4,13
DA:6,191
DA:7,191
DA:9,191
DA:10,6
DA:15,185
DA:17,185
DA:18,111
DA:22,74
DA:23,74
DA:24,74
DA:25,74
DA:27,74
DA:38,0
DA:43,2
DA:44,2
DA:45,0
DA:47,2
DA:52,2
DA:53,0
DA:56,2
DA:65,13
LF:23
LH:20
BRDA:9,0,0,6
BRDA:9,0,1,185
BRDA:9,1,0,191
BRDA:9,1,1,187
BRDA:17,2,0,111
BRDA:17,2,1,74
BRDA:17,3,0,185
BRDA:17,3,1,179
BRDA:44,4,0,0
BRDA:44,4,1,2
BRDA:52,5,0,0
BRDA:52,5,1,2
BRF:12
BRH:10
end_of_record
TN:
SF:src\controllers\BookController.js
FN:6,(anonymous_0)
FN:15,(anonymous_1)
FN:34,(anonymous_2)
FN:49,(anonymous_3)
FN:96,(anonymous_4)
FN:139,(anonymous_5)
FNF:6
FNH:6
FNDA:9,(anonymous_0)
FNDA:12,(anonymous_1)
FNDA:2,(anonymous_2)
FNDA:27,(anonymous_3)
FNDA:6,(anonymous_4)
FNDA:5,(anonymous_5)
DA:2,13
DA:3,13
DA:5,13
DA:7,9
DA:8,9
DA:9,9
DA:11,0
DA:16,12
DA:17,12
DA:18,12
DA:20,12
DA:21,12
DA:25,0
DA:26,0
DA:28,0
DA:30,0
DA:35,2
DA:36,2
DA:38,2
DA:39,1
DA:42,1
DA:43,1
DA:45,0
DA:50,27
DA:60,27
DA:62,27
DA:63,8
DA:69,19
DA:70,18
DA:71,18
DA:72,2
DA:76,17
DA:87,17
DA:92,0
DA:97,6
DA:98,6
DA:108,6
DA:110,6
DA:111,6
DA:112,6
DA:115,0
DA:116,0
DA:121,0
DA:133,0
DA:135,0
DA:140,5
DA:141,5
DA:143,5
DA:144,5
DA:145,4
DA:149,1
DA:150,1
DA:151,0
DA:154,1
DA:155,1
DA:157,0
DA:162,13
LF:57
LH:43
BRDA:20,0,0,12
BRDA:20,0,1,0
BRDA:38,1,0,1
BRDA:38,1,1,1
BRDA:62,2,0,8
BRDA:62,2,1,19
BRDA:62,3,0,27
BRDA:62,3,1,23
BRDA:62,3,2,22
BRDA:69,4,0,18
BRDA:69,4,1,1
BRDA:71,5,0,2
BRDA:71,5,1,16
BRDA:77,6,0,17
BRDA:77,6,1,1
BRDA:80,7,0,17
BRDA:80,7,1,17
BRDA:81,8,0,17
BRDA:81,8,1,17
BRDA:82,9,0,17
BRDA:82,9,1,2
BRDA:84,10,0,17
BRDA:84,10,1,16
BRDA:111,11,0,6
BRDA:111,11,1,0
BRDA:115,12,0,0
BRDA:115,12,1,0
BRDA:115,13,0,0
BRDA:115,13,1,0
BRDA:115,13,2,0
BRDA:123,14,0,0
BRDA:123,14,1,0
BRDA:126,15,0,0
BRDA:126,15,1,0
BRDA:127,16,0,0
BRDA:127,16,1,0
BRDA:128,17,0,0
BRDA:128,17,1,0
BRDA:130,18,0,0
BRDA:130,18,1,0
BRDA:144,19,0,4
BRDA:144,19,1,1
BRDA:150,20,0,0
BRDA:150,20,1,1
BRF:44
BRH:26
end_of_record
TN:
SF:src\controllers\BorrowingController.js
FN:6,(anonymous_0)
FN:18,(anonymous_1)
FN:31,(anonymous_2)
FN:40,(anonymous_3)
FN:49,(anonymous_4)
FN:58,(anonymous_5)
FN:68,(anonymous_6)
FN:106,(anonymous_7)
FN:132,(anonymous_8)
FN:174,(anonymous_9)
FNF:10
FNH:8
FNDA:2,(anonymous_0)
FNDA:2,(anonymous_1)
FNDA:1,(anonymous_2)
FNDA:0,(anonymous_3)
FNDA:0,(anonymous_4)
FNDA:1,(anonymous_5)
FNDA:17,(anonymous_6)
FNDA:1,(anonymous_7)
FNDA:3,(anonymous_8)
FNDA:1,(anonymous_9)
DA:2,13
DA:3,13
DA:4,13
DA:6,13
DA:7,2
DA:8,2
DA:9,2
DA:11,2
DA:12,1
DA:14,1
DA:17,13
DA:19,2
DA:20,2
DA:21,2
DA:22,2
DA:23,1
DA:25,1
DA:27,0
DA:32,1
DA:33,1
DA:34,1
DA:36,0
DA:41,0
DA:42,0
DA:43,0
DA:45,0
DA:50,0
DA:51,0
DA:52,0
DA:54,0
DA:59,1
DA:60,1
DA:61,1
DA:62,1
DA:64,0
DA:69,17
DA:70,17
DA:72,17
DA:73,1
DA:79,16
DA:80,16
DA:81,0
DA:83,16
DA:84,1
DA:88,15
DA:89,15
DA:90,1
DA:96,14
DA:97,14
DA:98,1
DA:100,13
DA:101,1
DA:105,12
DA:106,12
DA:107,1
DA:113,11
DA:121,11
DA:123,11
DA:128,0
DA:133,3
DA:134,3
DA:135,3
DA:137,3
DA:138,0
DA:141,3
DA:142,3
DA:143,0
DA:146,3
DA:147,1
DA:151,2
DA:154,2
DA:157,2
DA:158,2
DA:159,2
DA:165,2
DA:170,0
DA:175,1
DA:176,1
DA:177,1
DA:179,1
DA:180,0
DA:183,1
DA:184,1
DA:185,0
DA:188,1
DA:189,0
DA:193,1
DA:194,1
DA:195,1
DA:200,1
DA:202,0
DA:207,13
LF:92
LH:72
BRDA:11,0,0,1
BRDA:11,0,1,1
BRDA:22,1,0,1
BRDA:22,1,1,1
BRDA:72,2,0,1
BRDA:72,2,1,16
BRDA:72,3,0,17
BRDA:72,3,1,17
BRDA:72,3,2,17
BRDA:72,3,3,16
BRDA:80,4,0,0
BRDA:80,4,1,16
BRDA:83,5,0,1
BRDA:83,5,1,15
BRDA:89,6,0,1
BRDA:89,6,1,14
BRDA:97,7,0,1
BRDA:97,7,1,13
BRDA:100,8,0,1
BRDA:100,8,1,12
BRDA:106,9,0,1
BRDA:106,9,1,11
BRDA:137,10,0,0
BRDA:137,10,1,3
BRDA:142,11,0,0
BRDA:142,11,1,3
BRDA:146,12,0,1
BRDA:146,12,1,2
BRDA:158,13,0,2
BRDA:158,13,1,0
BRDA:179,14,0,0
BRDA:179,14,1,1
BRDA:184,15,0,0
BRDA:184,15,1,1
BRDA:188,16,0,0
BRDA:188,16,1,1
BRF:36
BRH:29
end_of_record
TN:
SF:src\controllers\DashboardController.js
FN:6,(anonymous_0)
FNF:1
FNH:1
FNDA:8,(anonymous_0)
DA:2,13
DA:3,13
DA:5,13
DA:7,8
DA:8,8
DA:11,8
DA:12,8
DA:15,8
DA:18,8
DA:21,8
DA:24,8
DA:27,8
DA:30,8
DA:33,8
DA:36,8
DA:39,8
DA:44,8
DA:46,8
DA:48,0
DA:53,13
LF:20
LH:19
BRDA:12,0,0,8
BRDA:12,0,1,0
BRDA:18,1,0,8
BRDA:18,1,1,0
BRDA:24,2,0,8
BRDA:24,2,1,0
BRDA:30,3,0,8
BRDA:30,3,1,0
BRDA:36,4,0,8
BRDA:36,4,1,0
BRDA:44,5,0,8
BRDA:44,5,1,0
BRF:12
BRH:6
end_of_record
TN:
SF:src\controllers\MemberController.js
FN:6,(anonymous_0)
FN:15,(anonymous_1)
FN:38,(anonymous_2)
FN:73,(anonymous_3)
FN:105,(anonymous_4)
FNF:5
FNH:5
FNDA:3,(anonymous_0)
FNDA:6,(anonymous_1)
FNDA:22,(anonymous_2)
FNDA:2,(anonymous_3)
FNDA:3,(anonymous_4)
DA:2,13
DA:3,13
DA:5,13
DA:7,3
DA:8,3
DA:9,3
DA:11,0
DA:16,6
DA:17,6
DA:18,6
DA:20,6
DA:21,3
DA:25,3
DA:26,3
DA:29,3
DA:30,3
DA:32,3
DA:34,0
DA:39,22
DA:41,22
DA:43,22
DA:44,3
DA:50,19
DA:51,19
DA:52,2
DA:55,17
DA:64,17
DA:69,0
DA:74,2
DA:75,2
DA:76,2
DA:78,2
DA:79,2
DA:80,0
DA:83,2
DA:84,0
DA:89,2
DA:99,2
DA:101,0
DA:106,3
DA:107,3
DA:109,3
DA:110,3
DA:111,1
DA:115,2
DA:116,2
DA:117,2
DA:122,0
DA:123,0
DA:125,0
DA:130,13
LF:51
LH:42
BRDA:20,0,0,3
BRDA:20,0,1,3
BRDA:43,1,0,3
BRDA:43,1,1,19
BRDA:43,2,0,22
BRDA:43,2,1,19
BRDA:43,2,2,19
BRDA:51,3,0,2
BRDA:51,3,1,17
BRDA:58,4,0,17
BRDA:58,4,1,0
BRDA:59,5,0,17
BRDA:59,5,1,0
BRDA:61,6,0,17
BRDA:61,6,1,0
BRDA:79,7,0,0
BRDA:79,7,1,2
BRDA:83,8,0,0
BRDA:83,8,1,2
BRDA:83,9,0,2
BRDA:83,9,1,2
BRDA:83,9,2,2
BRDA:92,10,0,2
BRDA:92,10,1,1
BRDA:93,11,0,2
BRDA:93,11,1,1
BRDA:96,12,0,2
BRDA:96,12,1,1
BRDA:110,13,0,1
BRDA:110,13,1,2
BRDA:116,14,0,2
BRDA:116,14,1,0
BRF:32
BRH:26
end_of_record
TN:
SF:src\middleware\auth.js
FN:3,requireAuth
FN:15,requireAdmin
FNF:2
FNH:2
FNDA:86,requireAuth
FNDA:77,requireAdmin
DA:4,86
DA:6,18
DA:7,17
DA:10,1
DA:12,68
DA:16,77
DA:17,7
DA:20,70
DA:21,4
DA:24,66
DA:27,14
LF:11
LH:11
BRDA:4,0,0,18
BRDA:4,0,1,68
BRDA:4,1,0,86
BRDA:4,1,1,86
BRDA:6,2,0,17
BRDA:6,2,1,1
BRDA:16,3,0,7
BRDA:16,3,1,70
BRDA:16,4,0,77
BRDA:16,4,1,77
BRDA:20,5,0,4
BRDA:20,5,1,66
BRF:12
BRH:12
end_of_record
TN:
SF:src\models\Book.js
FN:5,(anonymous_0)
FN:11,(anonymous_1)
FN:15,(anonymous_2)
FN:19,(anonymous_3)
FN:27,(anonymous_4)
FN:53,(anonymous_5)
FN:80,(anonymous_6)
FN:87,(anonymous_7)
FN:91,(anonymous_8)
FN:97,(anonymous_9)
FN:101,(anonymous_10)
FNF:11
FNH:7
FNDA:39,(anonymous_0)
FNDA:18,(anonymous_1)
FNDA:9,(anonymous_2)
FNDA:1,(anonymous_3)
FNDA:17,(anonymous_4)
FNDA:0,(anonymous_5)
FNDA:13,(anonymous_6)
FNDA:1,(anonymous_7)
FNDA:0,(anonymous_8)
FNDA:0,(anonymous_9)
FNDA:0,(anonymous_10)
DA:2,13
DA:4,13
DA:6,39
DA:12,18
DA:16,9
DA:20,1
DA:21,1
DA:37,17
DA:64,0
DA:81,13
DA:88,1
DA:92,0
DA:98,0
DA:101,0
DA:105,13
LF:15
LH:11
BRF:0
BRH:0
end_of_record
TN:
SF:src\models\Borrowing.js
FN:5,(anonymous_0)
FN:16,(anonymous_1)
FN:26,(anonymous_2)
FN:38,(anonymous_3)
FN:49,(anonymous_4)
FN:60,(anonymous_5)
FN:67,(anonymous_6)
FN:74,(anonymous_7)
FN:81,(anonymous_8)
FN:91,(anonymous_9)
FNF:10
FNH:7
FNDA:6,(anonymous_0)
FNDA:1,(anonymous_1)
FNDA:4,(anonymous_2)
FNDA:0,(anonymous_3)
FNDA:0,(anonymous_4)
FNDA:11,(anonymous_5)
FNDA:2,(anonymous_6)
FNDA:0,(anonymous_7)
FNDA:12,(anonymous_8)
FNDA:1,(anonymous_9)
DA:2,13
DA:4,13
DA:6,6
DA:17,1
DA:27,4
DA:39,0
DA:50,0
DA:61,11
DA:68,2
DA:75,0
DA:82,12
DA:92,1
DA:96,1
DA:100,13
LF:14
LH:11
BRDA:67,0,0,0
BRDA:96,1,0,1
BRDA:96,1,1,0
BRF:3
BRH:1
end_of_record
TN:
SF:src\models\Member.js
FN:5,(anonymous_0)
FN:9,(anonymous_1)
FN:13,(anonymous_2)
FN:17,(anonymous_3)
FN:23,(anonymous_4)
FN:39,(anonymous_5)
FN:46,(anonymous_6)
FN:53,(anonymous_7)
FN:57,(anonymous_8)
FNF:9
FNH:6
FNDA:27,(anonymous_0)
FNDA:19,(anonymous_1)
FNDA:3,(anonymous_2)
FNDA:0,(anonymous_3)
FNDA:17,(anonymous_4)
FNDA:2,(anonymous_5)
FNDA:0,(anonymous_6)
FNDA:0,(anonymous_7)
FNDA:20,(anonymous_8)
DA:2,13
DA:4,13
DA:6,27
DA:10,19
DA:14,3
DA:18,0
DA:24,17
DA:25,17
DA:40,2
DA:47,0
DA:54,0
DA:58,20
DA:62,20
DA:66,13
LF:14
LH:11
BRDA:23,0,0,0
BRDA:62,1,0,20
BRDA:62,1,1,0
BRF:3
BRH:1
end_of_record
TN:
SF:src\models\User.js
FN:5,(anonymous_0)
FN:9,(anonymous_1)
FN:13,(anonymous_2)
FN:19,(anonymous_3)
FN:26,(anonymous_4)
FN:33,(anonymous_5)
FNF:6
FNH:1
FNDA:185,(anonymous_0)
FNDA:0,(anonymous_1)
FNDA:0,(anonymous_2)
FNDA:0,(anonymous_3)
FNDA:0,(anonymous_4)
FNDA:0,(anonymous_5)
DA:2,13
DA:4,13
DA:6,185
DA:10,0
DA:14,0
DA:20,0
DA:27,0
DA:34,0
DA:38,13
LF:9
LH:4
BRF:0
BRH:0
end_of_record
TN:
SF:src\models\query.js
FN:6,getOne
FN:7,(anonymous_1)
FN:8,(anonymous_2)
FN:16,getAll
FN:17,(anonymous_4)
FN:18,(anonymous_5)
FN:26,run
FN:27,(anonymous_7)
FN:28,(anonymous_8)
FNF:9
FNH:9
FNDA:369,getOne
FNDA:369,(anonymous_1)
FNDA:369,(anonymous_2)
FNDA:30,getAll
FNDA:30,(anonymous_4)
FNDA:30,(anonymous_5)
FNDA:64,run
FNDA:64,(anonymous_7)
FNDA:64,(anonymous_8)
DA:3,13
DA:7,369
DA:8,369
DA:9,369
DA:10,369
DA:17,30
DA:18,30
DA:19,30
DA:20,30
DA:27,64
DA:28,64
DA:29,64
DA:30,64
DA:35,13
LF:14
LH:14
BRDA:6,0,0,54
BRDA:9,1,0,0
BRDA:9,1,1,369
BRDA:16,2,0,13
BRDA:19,3,0,0
BRDA:19,3,1,30
BRDA:20,4,0,30
BRDA:20,4,1,0
BRDA:26,5,0,0
BRDA:29,6,0,0
BRDA:29,6,1,64
BRF:11
BRH:6
end_of_record
TN:
SF:src\routes\auth.js
FNF:0
FNH:0
DA:2,13
DA:3,13
DA:4,13
DA:5,13
DA:7,13
DA:8,13
DA:9,13
DA:11,13
LF:8
LH:8
BRF:0
BRH:0
end_of_record
TN:
SF:src\routes\books.js
FNF:0
FNH:0
DA:2,13
DA:3,13
DA:4,13
DA:5,13
DA:7,13
DA:8,13
DA:9,13
DA:10,13
DA:11,13
DA:12,13
DA:14,13
LF:11
LH:11
BRF:0
BRH:0
end_of_record
TN:
SF:src\routes\borrowing.js
FNF:0
FNH:0
DA:2,13
DA:3,13
DA:4,13
DA:5,13
DA:7,13
DA:8,13
DA:9,13
DA:14,13
DA:15,13
DA:16,13
DA:17,13
DA:18,13
DA:20,13
LF:13
LH:13
BRF:0
BRH:0
end_of_record
TN:
SF:src\routes\dashboard.js
FNF:0
FNH:0
DA:2,13
DA:3,13
DA:4,13
DA:5,13
DA:7,13
DA:9,13
LF:6
LH:6
BRF:0
BRH:0
end_of_record
TN:
SF:src\routes\members.js
FNF:0
FNH:0
DA:2,13
DA:3,13
DA:4,13
DA:5,13
DA:7,13
DA:8,13
DA:9,13
DA:10,13
DA:11,13
DA:13,13
LF:10
LH:10
BRF:0
BRH:0
end_of_record
