TN:
SF:src\controllers\AuthController.js
FN:5,(anonymous_0)
FN:42,(anonymous_1)
FN:43,(anonymous_2)
FN:51,(anonymous_3)
FNF:4
FNH:1
FNDA:1,(anonymous_0)
FNDA:0,(anonymous_1)
FNDA:0,(anonymous_2)
FNDA:0,(anonymous_3)
DA:2,1
DA:4,1
DA:6,1
DA:7,1
DA:9,1
DA:10,0
DA:15,1
DA:17,1
DA:18,0
DA:22,1
DA:23,1
DA:24,1
DA:25,1
DA:27,1
DA:38,0
DA:43,0
DA:44,0
DA:45,0
DA:47,0
DA:52,0
DA:53,0
DA:56,0
DA:65,1
LF:23
LH:13
BRDA:9,0,0,0
BRDA:9,0,1,1
BRDA:9,1,0,1
BRDA:9,1,1,1
BRDA:17,2,0,0
BRDA:17,2,1,1
BRDA:17,3,0,1
BRDA:17,3,1,1
BRDA:44,4,0,0
BRDA:44,4,1,0
BRDA:52,5,0,0
BRDA:52,5,1,0
BRF:12
BRH:6
end_of_record
TN:
SF:src\controllers\BookController.js
FN:6,(anonymous_0)
FN:23,(anonymous_1)
FN:42,(anonymous_2)
FN:57,(anonymous_3)
FN:104,(anonymous_4)
FN:147,(anonymous_5)
FNF:6
FNH:0
FNDA:0,(anonymous_0)
FNDA:0,(anonymous_1)
FNDA:0,(anonymous_2)
FNDA:0,(anonymous_3)
FNDA:0,(anonymous_4)
FNDA:0,(anonymous_5)
DA:2,1
DA:3,1
DA:5,1
DA:7,0
DA:8,0
DA:11,0
DA:12,0
DA:14,0
DA:17,0
DA:19,0
DA:24,0
DA:25,0
DA:26,0
DA:28,0
DA:29,0
DA:33,0
DA:34,0
DA:36,0
DA:38,0
DA:43,0
DA:44,0
DA:46,0
DA:47,0
DA:50,0
DA:51,0
DA:53,0
DA:58,0
DA:68,0
DA:70,0
DA:71,0
DA:77,0
DA:78,0
DA:79,0
DA:80,0
DA:84,0
DA:95,0
DA:100,0
DA:105,0
DA:106,0
DA:116,0
DA:118,0
DA:119,0
DA:120,0
DA:123,0
DA:124,0
DA:129,0
DA:141,0
DA:143,0
DA:148,0
DA:149,0
DA:151,0
DA:152,0
DA:153,0
DA:157,0
DA:158,0
DA:159,0
DA:162,0
DA:163,0
DA:165,0
DA:170,1
LF:60
LH:4
BRDA:11,0,0,0
BRDA:11,0,1,0
BRDA:28,1,0,0
BRDA:28,1,1,0
BRDA:46,2,0,0
BRDA:46,2,1,0
BRDA:70,3,0,0
BRDA:70,3,1,0
BRDA:70,4,0,0
BRDA:70,4,1,0
BRDA:70,4,2,0
BRDA:77,5,0,0
BRDA:77,5,1,0
BRDA:79,6,0,0
BRDA:79,6,1,0
BRDA:85,7,0,0
BRDA:85,7,1,0
BRDA:88,8,0,0
BRDA:88,8,1,0
BRDA:89,9,0,0
BRDA:89,9,1,0
BRDA:90,10,0,0
BRDA:90,10,1,0
BRDA:92,11,0,0
BRDA:92,11,1,0
BRDA:119,12,0,0
BRDA:119,12,1,0
BRDA:123,13,0,0
BRDA:123,13,1,0
BRDA:123,14,0,0
BRDA:123,14,1,0
BRDA:123,14,2,0
BRDA:131,15,0,0
BRDA:131,15,1,0
BRDA:134,16,0,0
BRDA:134,16,1,0
BRDA:135,17,0,0
BRDA:135,17,1,0
BRDA:136,18,0,0
BRDA:136,18,1,0
BRDA:138,19,0,0
BRDA:138,19,1,0
BRDA:152,20,0,0
BRDA:152,20,1,0
BRDA:158,21,0,0
BRDA:158,21,1,0
BRF:46
BRH:0
end_of_record
TN:
SF:src\controllers\BorrowingController.js
FN:6,(anonymous_0)
FN:18,(anonymous_1)
FN:31,(anonymous_2)
FN:40,(anonymous_3)
FN:49,(anonymous_4)
FN:58,(anonymous_5)
FN:68,(anonymous_6)
FN:106,(anonymous_7)
FN:132,(anonymous_8)
FN:174,(anonymous_9)
FNF:10
FNH:0
FNDA:0,(anonymous_0)
FNDA:0,(anonymous_1)
FNDA:0,(anonymous_2)
FNDA:0,(anonymous_3)
FNDA:0,(anonymous_4)
FNDA:0,(anonymous_5)
FNDA:0,(anonymous_6)
FNDA:0,(anonymous_7)
FNDA:0,(anonymous_8)
FNDA:0,(anonymous_9)
DA:2,1
DA:3,1
DA:4,1
DA:6,1
DA:7,0
DA:8,0
DA:9,0
DA:11,0
DA:12,0
DA:14,0
DA:17,1
DA:19,0
DA:20,0
DA:21,0
DA:22,0
DA:23,0
DA:25,0
DA:27,0
DA:32,0
DA:33,0
DA:34,0
DA:36,0
DA:41,0
DA:42,0
DA:43,0
DA:45,0
DA:50,0
DA:51,0
DA:52,0
DA:54,0
DA:59,0
DA:60,0
DA:61,0
DA:62,0
DA:64,0
DA:69,0
DA:70,0
DA:72,0
DA:73,0
DA:79,0
DA:80,0
DA:81,0
DA:83,0
DA:84,0
DA:88,0
DA:89,0
DA:90,0
DA:96,0
DA:97,0
DA:98,0
DA:100,0
DA:101,0
DA:105,0
DA:106,0
DA:107,0
DA:113,0
DA:121,0
DA:123,0
DA:128,0
DA:133,0
DA:134,0
DA:135,0
DA:137,0
DA:138,0
DA:141,0
DA:142,0
DA:143,0
DA:146,0
DA:147,0
DA:151,0
DA:154,0
DA:157,0
DA:158,0
DA:159,0
DA:165,0
DA:170,0
DA:175,0
DA:176,0
DA:177,0
DA:179,0
DA:180,0
DA:183,0
DA:184,0
DA:185,0
DA:188,0
DA:189,0
DA:193,0
DA:194,0
DA:195,0
DA:200,0
DA:202,0
DA:207,1
LF:92
LH:6
BRDA:11,0,0,0
BRDA:11,0,1,0
BRDA:22,1,0,0
BRDA:22,1,1,0
BRDA:72,2,0,0
BRDA:72,2,1,0
BRDA:72,3,0,0
BRDA:72,3,1,0
BRDA:72,3,2,0
BRDA:72,3,3,0
BRDA:80,4,0,0
BRDA:80,4,1,0
BRDA:83,5,0,0
BRDA:83,5,1,0
BRDA:89,6,0,0
BRDA:89,6,1,0
BRDA:97,7,0,0
BRDA:97,7,1,0
BRDA:100,8,0,0
BRDA:100,8,1,0
BRDA:106,9,0,0
BRDA:106,9,1,0
BRDA:137,10,0,0
BRDA:137,10,1,0
BRDA:142,11,0,0
BRDA:142,11,1,0
BRDA:146,12,0,0
BRDA:146,12,1,0
BRDA:158,13,0,0
BRDA:158,13,1,0
BRDA:179,14,0,0
BRDA:179,14,1,0
BRDA:184,15,0,0
BRDA:184,15,1,0
BRDA:188,16,0,0
BRDA:188,16,1,0
BRF:36
BRH:0
end_of_record
TN:
SF:src\controllers\DashboardController.js
FN:6,(anonymous_0)
FNF:1
FNH:0
FNDA:0,(anonymous_0)
DA:2,1
DA:3,1
DA:5,1
DA:7,0
DA:8,0
DA:11,0
DA:12,0
DA:15,0
DA:18,0
DA:21,0
DA:24,0
DA:27,0
DA:30,0
DA:33,0
DA:36,0
DA:39,0
DA:44,0
DA:46,0
DA:48,0
DA:53,1
LF:20
LH:4
BRDA:12,0,0,0
BRDA:12,0,1,0
BRDA:18,1,0,0
BRDA:18,1,1,0
BRDA:24,2,0,0
BRDA:24,2,1,0
BRDA:30,3,0,0
BRDA:30,3,1,0
BRDA:36,4,0,0
BRDA:36,4,1,0
BRDA:44,5,0,0
BRDA:44,5,1,0
BRF:12
BRH:0
end_of_record
TN:
SF:src\controllers\MemberController.js
FN:6,(anonymous_0)
FN:15,(anonymous_1)
FN:38,(anonymous_2)
FN:73,(anonymous_3)
FN:105,(anonymous_4)
FNF:5
FNH:0
FNDA:0,(anonymous_0)
FNDA:0,(anonymous_1)
FNDA:0,(anonymous_2)
FNDA:0,(anonymous_3)
FNDA:0,(anonymous_4)
DA:2,1
DA:3,1
DA:5,1
DA:7,0
DA:8,0
DA:9,0
DA:11,0
DA:16,0
DA:17,0
DA:18,0
DA:20,0
DA:21,0
DA:25,0
DA:26,0
DA:29,0
DA:30,0
DA:32,0
DA:34,0
DA:39,0
DA:41,0
DA:43,0
DA:44,0
DA:50,0
DA:51,0
DA:52,0
DA:55,0
DA:64,0
DA:69,0
DA:74,0
DA:75,0
DA:76,0
DA:78,0
DA:79,0
DA:80,0
DA:83,0
DA:84,0
DA:89,0
DA:99,0
DA:101,0
DA:106,0
DA:107,0
DA:109,0
DA:110,0
DA:111,0
DA:115,0
DA:116,0
DA:117,0
DA:122,0
DA:123,0
DA:125,0
DA:130,1
LF:51
LH:4
BRDA:20,0,0,0
BRDA:20,0,1,0
BRDA:43,1,0,0
BRDA:43,1,1,0
BRDA:43,2,0,0
BRDA:43,2,1,0
BRDA:43,2,2,0
BRDA:51,3,0,0
BRDA:51,3,1,0
BRDA:58,4,0,0
BRDA:58,4,1,0
BRDA:59,5,0,0
BRDA:59,5,1,0
BRDA:61,6,0,0
BRDA:61,6,1,0
BRDA:79,7,0,0
BRDA:79,7,1,0
BRDA:83,8,0,0
BRDA:83,8,1,0
BRDA:83,9,0,0
BRDA:83,9,1,0
BRDA:83,9,2,0
BRDA:92,10,0,0
BRDA:92,10,1,0
BRDA:93,11,0,0
BRDA:93,11,1,0
BRDA:96,12,0,0
BRDA:96,12,1,0
BRDA:110,13,0,0
BRDA:110,13,1,0
BRDA:116,14,0,0
BRDA:116,14,1,0
BRF:32
BRH:0
end_of_record
TN:
SF:src\middleware\auth.js
FN:3,requireAuth
FN:15,requireAdmin
FNF:2
FNH:0
FNDA:0,requireAuth
FNDA:0,requireAdmin
DA:4,0
DA:6,0
DA:7,0
DA:10,0
DA:12,0
DA:16,0
DA:17,0
DA:20,0
DA:21,0
DA:24,0
DA:27,1
LF:11
LH:1
BRDA:4,0,0,0
BRDA:4,0,1,0
BRDA:4,1,0,0
BRDA:4,1,1,0
BRDA:6,2,0,0
BRDA:6,2,1,0
BRDA:16,3,0,0
BRDA:16,3,1,0
BRDA:16,4,0,0
BRDA:16,4,1,0
BRDA:20,5,0,0
BRDA:20,5,1,0
BRF:12
BRH:0
end_of_record
TN:
SF:src\models\Book.js
FN:5,(anonymous_0)
FN:11,(anonymous_1)
FN:15,(anonymous_2)
FN:19,(anonymous_3)
FN:26,(anonymous_4)
FN:34,(anonymous_5)
FN:60,(anonymous_6)
FN:87,(anonymous_7)
FN:94,(anonymous_8)
FN:98,(anonymous_9)
FN:104,(anonymous_10)
FN:108,(anonymous_11)
FNF:12
FNH:0
FNDA:0,(anonymous_0)
FNDA:0,(anonymous_1)
FNDA:0,(anonymous_2)
FNDA:0,(anonymous_3)
FNDA:0,(anonymous_4)
FNDA:0,(anonymous_5)
FNDA:0,(anonymous_6)
FNDA:0,(anonymous_7)
FNDA:0,(anonymous_8)
FNDA:0,(anonymous_9)
FNDA:0,(anonymous_10)
FNDA:0,(anonymous_11)
DA:2,1
DA:4,1
DA:6,0
DA:12,0
DA:16,0
DA:20,0
DA:27,0
DA:28,0
DA:44,0
DA:71,0
DA:88,0
DA:95,0
DA:99,0
DA:105,0
DA:108,0
DA:112,1
LF:16
LH:3
BRF:0
BRH:0
end_of_record
TN:
SF:src\models\Borrowing.js
FN:5,(anonymous_0)
FN:16,(anonymous_1)
FN:26,(anonymous_2)
FN:38,(anonymous_3)
FN:49,(anonymous_4)
FN:60,(anonymous_5)
FN:67,(anonymous_6)
FN:74,(anonymous_7)
FN:81,(anonymous_8)
FN:91,(anonymous_9)
FNF:10
FNH:0
FNDA:0,(anonymous_0)
FNDA:0,(anonymous_1)
FNDA:0,(anonymous_2)
FNDA:0,(anonymous_3)
FNDA:0,(anonymous_4)
FNDA:0,(anonymous_5)
FNDA:0,(anonymous_6)
FNDA:0,(anonymous_7)
FNDA:0,(anonymous_8)
FNDA:0,(anonymous_9)
DA:2,1
DA:4,1
DA:6,0
DA:17,0
DA:27,0
DA:39,0
DA:50,0
DA:61,0
DA:68,0
DA:75,0
DA:82,0
DA:92,0
DA:96,0
DA:100,1
LF:14
LH:3
BRDA:67,0,0,0
BRDA:96,1,0,0
BRDA:96,1,1,0
BRF:3
BRH:0
end_of_record
TN:
SF:src\models\Member.js
FN:5,(anonymous_0)
FN:9,(anonymous_1)
FN:13,(anonymous_2)
FN:17,(anonymous_3)
FN:23,(anonymous_4)
FN:39,(anonymous_5)
FN:46,(anonymous_6)
FN:53,(anonymous_7)
FN:57,(anonymous_8)
FNF:9
FNH:0
FNDA:0,(anonymous_0)
FNDA:0,(anonymous_1)
FNDA:0,(anonymous_2)
FNDA:0,(anonymous_3)
FNDA:0,(anonymous_4)
FNDA:0,(anonymous_5)
FNDA:0,(anonymous_6)
FNDA:0,(anonymous_7)
FNDA:0,(anonymous_8)
DA:2,1
DA:4,1
DA:6,0
DA:10,0
DA:14,0
DA:18,0
DA:24,0
DA:25,0
DA:40,0
DA:47,0
DA:54,0
DA:58,0
DA:62,0
DA:66,1
LF:14
LH:3
BRDA:23,0,0,0
BRDA:62,1,0,0
BRDA:62,1,1,0
BRF:3
BRH:0
end_of_record
TN:
SF:src\models\User.js
FN:5,(anonymous_0)
FN:9,(anonymous_1)
FN:13,(anonymous_2)
FN:19,(anonymous_3)
FN:26,(anonymous_4)
FN:33,(anonymous_5)
FNF:6
FNH:1
FNDA:1,(anonymous_0)
FNDA:0,(anonymous_1)
FNDA:0,(anonymous_2)
FNDA:0,(anonymous_3)
FNDA:0,(anonymous_4)
FNDA:0,(anonymous_5)
DA:2,1
DA:4,1
DA:6,1
DA:10,0
DA:14,0
DA:20,0
DA:27,0
DA:34,0
DA:38,1
LF:9
LH:4
BRF:0
BRH:0
end_of_record
TN:
SF:src\models\query.js
FN:6,getOne
FN:7,(anonymous_1)
FN:8,(anonymous_2)
FN:16,getAll
FN:17,(anonymous_4)
FN:18,(anonymous_5)
FN:26,run
FN:27,(anonymous_7)
FN:28,(anonymous_8)
FNF:9
FNH:6
FNDA:1,getOne
FNDA:1,(anonymous_1)
FNDA:1,(anonymous_2)
FNDA:0,getAll
FNDA:0,(anonymous_4)
FNDA:0,(anonymous_5)
FNDA:1,run
FNDA:1,(anonymous_7)
FNDA:1,(anonymous_8)
DA:3,1
DA:7,1
DA:8,1
DA:9,1
DA:10,1
DA:17,0
DA:18,0
DA:19,0
DA:20,0
DA:27,1
DA:28,1
DA:29,1
DA:30,1
DA:35,1
LF:14
LH:10
BRDA:6,0,0,0
BRDA:9,1,0,0
BRDA:9,1,1,1
BRDA:16,2,0,0
BRDA:19,3,0,0
BRDA:19,3,1,0
BRDA:20,4,0,0
BRDA:20,4,1,0
BRDA:26,5,0,0
BRDA:29,6,0,0
BRDA:29,6,1,1
BRF:11
BRH:2
end_of_record
TN:
SF:src\routes\auth.js
FNF:0
FNH:0
DA:2,1
DA:3,1
DA:4,1
DA:5,1
DA:7,1
DA:8,1
DA:9,1
DA:11,1
LF:8
LH:8
BRF:0
BRH:0
end_of_record
TN:
SF:src\routes\books.js
FNF:0
FNH:0
DA:2,1
DA:3,1
DA:4,1
DA:5,1
DA:7,1
DA:8,1
DA:9,1
DA:10,1
DA:11,1
DA:12,1
DA:14,1
LF:11
LH:11
BRF:0
BRH:0
end_of_record
TN:
SF:src\routes\borrowing.js
FNF:0
FNH:0
DA:2,1
DA:3,1
DA:4,1
DA:5,1
DA:7,1
DA:8,1
DA:9,1
DA:14,1
DA:15,1
DA:16,1
DA:17,1
DA:18,1
DA:20,1
LF:13
LH:13
BRF:0
BRH:0
end_of_record
TN:
SF:src\routes\dashboard.js
FNF:0
FNH:0
DA:2,1
DA:3,1
DA:4,1
DA:5,1
DA:7,1
DA:9,1
LF:6
LH:6
BRF:0
BRH:0
end_of_record
TN:
SF:src\routes\members.js
FNF:0
FNH:0
DA:2,1
DA:3,1
DA:4,1
DA:5,1
DA:7,1
DA:8,1
DA:9,1
DA:10,1
DA:11,1
DA:13,1
LF:10
LH:10
BRF:0
BRH:0
end_of_record
